2023-10-01 17:01:09,535 [INFO] Activator:177 - 


2023-10-01 17:01:09,537 [INFO] Activator:178 - !SESSION log4j initialized
2023-10-01 17:01:11,237 [INFO] McuFinderGlobals:39 - Set McuFinder mode to 2 (CubeIDE integrated)
2023-10-01 17:01:12,037 [INFO] ApplicationProperties:181 - Using Application install path: D:\STM32CubeIDE_1.7.0\STM32CubeIDE\plugins\com.st.stm32cube.common.mx_6.3.0.202107141111
2023-10-01 17:01:12,041 [INFO] DbMcusXml:74 - Set database path to: D:\STM32CubeIDE_1.7.0\STM32CubeIDE\plugins\com.st.stm32cube.common.mx_6.3.0.202107141111\\db\/mcu/
2023-10-01 17:01:12,043 [INFO] DbBoardsPdsc:56 - Set plugin database path to: D:\STM32CubeIDE_1.7.0\STM32CubeIDE\plugins\com.st.stm32cube.common.mx_6.3.0.202107141111\\db\/plugins/boardmanager/
2023-10-01 17:01:12,043 [INFO] DbMcus:258 - Set plugin images path to: D:\STM32CubeIDE_1.7.0\STM32CubeIDE\plugins\com.st.stm32cube.common.mx_6.3.0.202107141111\\db\/plugins/mcufinder/images/
2023-10-01 17:01:12,043 [INFO] DbBoards:264 - Set plugin images path to: D:\STM32CubeIDE_1.7.0\STM32CubeIDE\plugins\com.st.stm32cube.common.mx_6.3.0.202107141111\\db\/plugins/mcufinder/images/
2023-10-01 17:01:12,044 [INFO] DbExamples:333 - Set plugin images path to: D:\STM32CubeIDE_1.7.0\STM32CubeIDE\plugins\com.st.stm32cube.common.mx_6.3.0.202107141111\\db\/plugins/mcufinder/images/
2023-10-01 17:01:12,046 [INFO] DbMcusAds:119 - Set database path to: C:\Users\MY GEAR\.stmcufinder\plugins\mcufinder//mcu/
2023-10-01 17:01:12,046 [INFO] DbMcusDocs:110 - Set database path to: C:\Users\MY GEAR\.stmcufinder\plugins\mcufinder//mcu/
2023-10-01 17:01:12,047 [INFO] DbMcusJson:64 - Set database path to: C:\Users\MY GEAR\.stmcufinder\plugins\mcufinder//mcu/
2023-10-01 17:01:12,047 [INFO] DbBoardsDocs:110 - Set database path to: C:\Users\MY GEAR\.stmcufinder\plugins\mcufinder//mcu/
2023-10-01 17:01:12,048 [INFO] DbBoardsJson:57 - Set database path to: C:\Users\MY GEAR\.stmcufinder\plugins\mcufinder//mcu/
2023-10-01 17:01:12,049 [INFO] CrossReferenceDbSqlite:196 - Set database path to: C:\Users\MY GEAR\.stmcufinder\plugins\mcufinder//mcu/cs/
2023-10-01 17:01:12,050 [INFO] DbExamplesSqlite:767 - Set database path to: C:\Users\MY GEAR\.stmcufinder\plugins\mcufinder//mcu/
2023-10-01 17:01:12,087 [INFO] RulesReader:57 - Compatibility file has been processed (242 Rules)
2023-10-01 17:01:12,118 [INFO] DbMcusXml:74 - Set database path to: D:\STM32CubeIDE_1.7.0\STM32CubeIDE\plugins\com.st.stm32cube.common.mx_6.3.0.202107141111\\db\/mcu/
2023-10-01 17:01:12,118 [INFO] DbBoardsPdsc:56 - Set plugin database path to: D:\STM32CubeIDE_1.7.0\STM32CubeIDE\plugins\com.st.stm32cube.common.mx_6.3.0.202107141111\\db\/plugins/boardmanager/
2023-10-01 17:01:12,119 [INFO] DbMcus:258 - Set plugin images path to: D:\STM32CubeIDE_1.7.0\STM32CubeIDE\plugins\com.st.stm32cube.common.mx_6.3.0.202107141111\\db\/plugins/mcufinder/images/
2023-10-01 17:01:12,119 [INFO] DbBoards:264 - Set plugin images path to: D:\STM32CubeIDE_1.7.0\STM32CubeIDE\plugins\com.st.stm32cube.common.mx_6.3.0.202107141111\\db\/plugins/mcufinder/images/
2023-10-01 17:01:12,119 [INFO] DbExamples:333 - Set plugin images path to: D:\STM32CubeIDE_1.7.0\STM32CubeIDE\plugins\com.st.stm32cube.common.mx_6.3.0.202107141111\\db\/plugins/mcufinder/images/
2023-10-01 17:01:12,119 [WARN] DbFile:35 - Overriding database path with different value: C:\Users\MY GEAR\.stmcufinder\plugins\mcufinder/ => C:\Users\MY GEAR\.stmcufinder\plugins\mcufinder
2023-10-01 17:01:12,119 [INFO] DbMcusAds:119 - Set database path to: C:\Users\MY GEAR\.stmcufinder\plugins\mcufinder//mcu/
2023-10-01 17:01:12,119 [WARN] DbFile:35 - Overriding database path with different value: C:\Users\MY GEAR\.stmcufinder\plugins\mcufinder/ => C:\Users\MY GEAR\.stmcufinder\plugins\mcufinder
2023-10-01 17:01:12,119 [INFO] DbMcusDocs:110 - Set database path to: C:\Users\MY GEAR\.stmcufinder\plugins\mcufinder//mcu/
2023-10-01 17:01:12,119 [WARN] DbFile:35 - Overriding database path with different value: C:\Users\MY GEAR\.stmcufinder\plugins\mcufinder/ => C:\Users\MY GEAR\.stmcufinder\plugins\mcufinder
2023-10-01 17:01:12,119 [INFO] DbMcusJson:64 - Set database path to: C:\Users\MY GEAR\.stmcufinder\plugins\mcufinder//mcu/
2023-10-01 17:01:12,119 [WARN] DbFile:35 - Overriding database path with different value: C:\Users\MY GEAR\.stmcufinder\plugins\mcufinder/ => C:\Users\MY GEAR\.stmcufinder\plugins\mcufinder
2023-10-01 17:01:12,119 [INFO] DbBoardsDocs:110 - Set database path to: C:\Users\MY GEAR\.stmcufinder\plugins\mcufinder//mcu/
2023-10-01 17:01:12,119 [WARN] DbFile:35 - Overriding database path with different value: C:\Users\MY GEAR\.stmcufinder\plugins\mcufinder/ => C:\Users\MY GEAR\.stmcufinder\plugins\mcufinder
2023-10-01 17:01:12,119 [INFO] DbBoardsJson:57 - Set database path to: C:\Users\MY GEAR\.stmcufinder\plugins\mcufinder//mcu/
2023-10-01 17:01:12,119 [WARN] DbFile:35 - Overriding database path with different value: C:\Users\MY GEAR\.stmcufinder\plugins\mcufinder/ => C:\Users\MY GEAR\.stmcufinder\plugins\mcufinder
2023-10-01 17:01:12,119 [WARN] DbFile:35 - Overriding database path with different value: C:\Users\MY GEAR\.stmcufinder\plugins\mcufinder/ => C:\Users\MY GEAR\.stmcufinder\plugins\mcufinder
2023-10-01 17:01:12,119 [INFO] CrossReferenceDbSqlite:196 - Set database path to: C:\Users\MY GEAR\.stmcufinder\plugins\mcufinder//mcu/cs/
2023-10-01 17:01:12,119 [WARN] DbFile:35 - Overriding database path with different value: C:\Users\MY GEAR\.stmcufinder\plugins\mcufinder/ => C:\Users\MY GEAR\.stmcufinder\plugins\mcufinder
2023-10-01 17:01:12,119 [INFO] DbExamplesSqlite:767 - Set database path to: C:\Users\MY GEAR\.stmcufinder\plugins\mcufinder//mcu/
2023-10-01 17:01:12,144 [INFO] MainPanel:214 - HeapMemory: 268435456
2023-10-01 17:01:12,172 [INFO] DbMcusXml:74 - Set database path to: D:\STM32CubeIDE_1.7.0\STM32CubeIDE\plugins\com.st.stm32cube.common.mx_6.3.0.202107141111\\db\/mcu/
2023-10-01 17:01:12,172 [INFO] DbBoardsPdsc:56 - Set plugin database path to: D:\STM32CubeIDE_1.7.0\STM32CubeIDE\plugins\com.st.stm32cube.common.mx_6.3.0.202107141111\\db\/plugins/boardmanager/
2023-10-01 17:01:12,172 [INFO] DbMcus:258 - Set plugin images path to: D:\STM32CubeIDE_1.7.0\STM32CubeIDE\plugins\com.st.stm32cube.common.mx_6.3.0.202107141111\\db\/plugins/mcufinder/images/
2023-10-01 17:01:12,172 [INFO] DbBoards:264 - Set plugin images path to: D:\STM32CubeIDE_1.7.0\STM32CubeIDE\plugins\com.st.stm32cube.common.mx_6.3.0.202107141111\\db\/plugins/mcufinder/images/
2023-10-01 17:01:12,172 [INFO] DbExamples:333 - Set plugin images path to: D:\STM32CubeIDE_1.7.0\STM32CubeIDE\plugins\com.st.stm32cube.common.mx_6.3.0.202107141111\\db\/plugins/mcufinder/images/
2023-10-01 17:01:12,172 [WARN] DbFile:35 - Overriding database path with different value: C:\Users\MY GEAR\.stmcufinder\plugins\mcufinder/ => C:\Users\MY GEAR\.stmcufinder\plugins\mcufinder
2023-10-01 17:01:12,172 [INFO] DbMcusAds:119 - Set database path to: C:\Users\MY GEAR\.stmcufinder\plugins\mcufinder//mcu/
2023-10-01 17:01:12,172 [WARN] DbFile:35 - Overriding database path with different value: C:\Users\MY GEAR\.stmcufinder\plugins\mcufinder/ => C:\Users\MY GEAR\.stmcufinder\plugins\mcufinder
2023-10-01 17:01:12,172 [INFO] DbMcusDocs:110 - Set database path to: C:\Users\MY GEAR\.stmcufinder\plugins\mcufinder//mcu/
2023-10-01 17:01:12,172 [WARN] DbFile:35 - Overriding database path with different value: C:\Users\MY GEAR\.stmcufinder\plugins\mcufinder/ => C:\Users\MY GEAR\.stmcufinder\plugins\mcufinder
2023-10-01 17:01:12,172 [INFO] DbMcusJson:64 - Set database path to: C:\Users\MY GEAR\.stmcufinder\plugins\mcufinder//mcu/
2023-10-01 17:01:12,172 [WARN] DbFile:35 - Overriding database path with different value: C:\Users\MY GEAR\.stmcufinder\plugins\mcufinder/ => C:\Users\MY GEAR\.stmcufinder\plugins\mcufinder
2023-10-01 17:01:12,172 [INFO] DbBoardsDocs:110 - Set database path to: C:\Users\MY GEAR\.stmcufinder\plugins\mcufinder//mcu/
2023-10-01 17:01:12,172 [WARN] DbFile:35 - Overriding database path with different value: C:\Users\MY GEAR\.stmcufinder\plugins\mcufinder/ => C:\Users\MY GEAR\.stmcufinder\plugins\mcufinder
2023-10-01 17:01:12,173 [INFO] DbBoardsJson:57 - Set database path to: C:\Users\MY GEAR\.stmcufinder\plugins\mcufinder//mcu/
2023-10-01 17:01:12,173 [WARN] DbFile:35 - Overriding database path with different value: C:\Users\MY GEAR\.stmcufinder\plugins\mcufinder/ => C:\Users\MY GEAR\.stmcufinder\plugins\mcufinder
2023-10-01 17:01:12,173 [WARN] DbFile:35 - Overriding database path with different value: C:\Users\MY GEAR\.stmcufinder\plugins\mcufinder/ => C:\Users\MY GEAR\.stmcufinder\plugins\mcufinder
2023-10-01 17:01:12,173 [INFO] CrossReferenceDbSqlite:196 - Set database path to: C:\Users\MY GEAR\.stmcufinder\plugins\mcufinder//mcu/cs/
2023-10-01 17:01:12,173 [WARN] DbFile:35 - Overriding database path with different value: C:\Users\MY GEAR\.stmcufinder\plugins\mcufinder/ => C:\Users\MY GEAR\.stmcufinder\plugins\mcufinder
2023-10-01 17:01:12,173 [INFO] DbExamplesSqlite:767 - Set database path to: C:\Users\MY GEAR\.stmcufinder\plugins\mcufinder//mcu/
2023-10-01 17:01:12,179 [INFO] ApplicationProperties:181 - Using Application install path: D:\STM32CubeIDE_1.7.0\STM32CubeIDE\plugins\com.st.stm32cube.common.mx_6.3.0.202107141111
2023-10-01 17:01:12,180 [INFO] PluginManage:188 - Search for loadable plugins [exclusion list=, ]
2023-10-01 17:01:12,180 [INFO] PluginManage:302 - Check plugin analytics
2023-10-01 17:01:12,237 [INFO] AnalyticsPlugin:257 - Accepted Software Licenses: 
2023-10-01 17:01:12,237 [INFO] AnalyticsPlugin:259 - Accepted CMSIS Pack Licenses: 
2023-10-01 17:01:12,237 [INFO] AnalyticsPlugin:261 - Accepted Firmware Licenses: 
2023-10-01 17:01:12,237 [INFO] PluginManage:352 - Loaded plugin analytics (category:tool,tabindex:-1)
2023-10-01 17:01:12,237 [INFO] PluginManage:302 - Check plugin clock
2023-10-01 17:01:12,242 [INFO] PluginManage:352 - Loaded plugin clock (category:base,tabindex:2)
2023-10-01 17:01:12,242 [INFO] PluginManage:302 - Check plugin ddr
2023-10-01 17:01:12,242 [INFO] PluginManage:352 - Loaded plugin ddr (category:tool,tabindex:6)
2023-10-01 17:01:12,242 [INFO] PluginManage:302 - Check plugin filemanager
2023-10-01 17:01:12,294 [INFO] PluginManage:352 - Loaded plugin filemanager (category:base,tabindex:10)
2023-10-01 17:01:12,294 [INFO] PluginManage:302 - Check plugin ipmanager
2023-10-01 17:01:12,297 [INFO] PluginManage:352 - Loaded plugin ipmanager (category:base,tabindex:5)
2023-10-01 17:01:12,297 [INFO] PluginManage:302 - Check plugin pinoutandconfiguration
2023-10-01 17:01:12,300 [INFO] PluginManage:352 - Loaded plugin pinoutandconfiguration (category:base,tabindex:1)
2023-10-01 17:01:12,301 [INFO] PluginManage:302 - Check plugin pinoutconfig
2023-10-01 17:01:12,312 [INFO] PluginManage:352 - Loaded plugin pinoutconfig (category:base,tabindex:0)
2023-10-01 17:01:12,312 [INFO] PluginManage:302 - Check plugin power
2023-10-01 17:01:12,315 [INFO] PluginManage:352 - Loaded plugin power (category:power,tabindex:4)
2023-10-01 17:01:12,315 [INFO] PluginManage:302 - Check plugin projectmanager
2023-10-01 17:01:12,322 [INFO] PluginManage:352 - Loaded plugin projectmanager (category:projectmanager,tabindex:3)
2023-10-01 17:01:12,322 [INFO] PluginManage:302 - Check plugin thirdparty
2023-10-01 17:01:12,383 [INFO] PluginManage:352 - Loaded plugin thirdparty (category:base,tabindex:-1)
2023-10-01 17:01:12,383 [WARN] IntegrityCheckThread:78 - waiting for thirdparty lock release [integrity check]
2023-10-01 17:01:12,383 [INFO] PluginManage:302 - Check plugin tools
2023-10-01 17:01:12,383 [INFO] IntegrityCheckThread:80 - entering critical section [integrity check]
2023-10-01 17:01:12,383 [INFO] ThirdPartyUpdaterWithRetryManager:66 - Updater plugin not ready yet. [1/15]
2023-10-01 17:01:12,384 [INFO] PluginManage:352 - Loaded plugin tools (category:base,tabindex:7)
2023-10-01 17:01:12,384 [INFO] PluginManage:302 - Check plugin tutovideos
2023-10-01 17:01:12,469 [INFO] PluginManage:352 - Loaded plugin tutovideos (category:base,tabindex:-1)
2023-10-01 17:01:12,469 [INFO] PluginManage:302 - Check plugin updater
2023-10-01 17:01:12,474 [INFO] PluginManage:352 - Loaded plugin updater (category:base,tabindex:12)
2023-10-01 17:01:12,474 [INFO] PluginManage:275 - PluginManage : Loaded plugins [13]
2023-10-01 17:01:12,538 [INFO] PinOutPanel:1463 - setPackage(No Configuration,No Configuration)
2023-10-01 17:01:12,573 [INFO] IPUIPlugin:74 - create IPUIPlugin
2023-10-01 17:01:12,574 [INFO] PluginManager:213 - loadIPPluginJar : add adc
2023-10-01 17:01:12,575 [INFO] IPUIPlugin:74 - create IPUIPlugin
2023-10-01 17:01:12,575 [INFO] PluginManager:213 - loadIPPluginJar : add aes
2023-10-01 17:01:12,576 [INFO] IPUIPlugin:74 - create IPUIPlugin
2023-10-01 17:01:12,576 [INFO] PluginManager:213 - loadIPPluginJar : add can
2023-10-01 17:01:12,577 [INFO] IPUIPlugin:74 - create IPUIPlugin
2023-10-01 17:01:12,577 [INFO] PluginManager:213 - loadIPPluginJar : add comp
2023-10-01 17:01:12,577 [INFO] IPUIPlugin:74 - create IPUIPlugin
2023-10-01 17:01:12,578 [INFO] PluginManager:213 - loadIPPluginJar : add cryp
2023-10-01 17:01:12,578 [INFO] IPUIPlugin:74 - create IPUIPlugin
2023-10-01 17:01:12,578 [INFO] PluginManager:213 - loadIPPluginJar : add dfsdm
2023-10-01 17:01:12,581 [INFO] IPUIPlugin:74 - create IPUIPlugin
2023-10-01 17:01:12,581 [INFO] PluginManager:213 - loadIPPluginJar : add dma
2023-10-01 17:01:12,582 [INFO] IPUIPlugin:74 - create IPUIPlugin
2023-10-01 17:01:12,582 [INFO] PluginManager:213 - loadIPPluginJar : add dma3
2023-10-01 17:01:12,582 [INFO] IPUIPlugin:74 - create IPUIPlugin
2023-10-01 17:01:12,582 [INFO] PluginManager:213 - loadIPPluginJar : add fatfs
2023-10-01 17:01:12,583 [INFO] IPUIPlugin:74 - create IPUIPlugin
2023-10-01 17:01:12,583 [INFO] PluginManager:213 - loadIPPluginJar : add fmc
2023-10-01 17:01:12,586 [INFO] IPUIPlugin:74 - create IPUIPlugin
2023-10-01 17:01:12,586 [INFO] PluginManager:213 - loadIPPluginJar : add freertos
2023-10-01 17:01:12,586 [INFO] IPUIPlugin:74 - create IPUIPlugin
2023-10-01 17:01:12,586 [INFO] PluginManager:213 - loadIPPluginJar : add genericplugin
2023-10-01 17:01:12,587 [INFO] IPUIPlugin:74 - create IPUIPlugin
2023-10-01 17:01:12,587 [INFO] PluginManager:213 - loadIPPluginJar : add gfxmmu
2023-10-01 17:01:12,589 [INFO] IPUIPlugin:74 - create IPUIPlugin
2023-10-01 17:01:12,589 [INFO] PluginManager:213 - loadIPPluginJar : add gic
2023-10-01 17:01:12,591 [INFO] IPUIPlugin:74 - create IPUIPlugin
2023-10-01 17:01:12,591 [INFO] PluginManager:213 - loadIPPluginJar : add gpio
2023-10-01 17:01:12,592 [INFO] IPUIPlugin:74 - create IPUIPlugin
2023-10-01 17:01:12,592 [INFO] PluginManager:213 - loadIPPluginJar : add gtzc
2023-10-01 17:01:12,592 [INFO] IPUIPlugin:74 - create IPUIPlugin
2023-10-01 17:01:12,593 [INFO] PluginManager:213 - loadIPPluginJar : add hash
2023-10-01 17:01:12,593 [INFO] IPUIPlugin:74 - create IPUIPlugin
2023-10-01 17:01:12,594 [INFO] PluginManager:213 - loadIPPluginJar : add i2c
2023-10-01 17:01:12,595 [INFO] IPUIPlugin:74 - create IPUIPlugin
2023-10-01 17:01:12,595 [INFO] PluginManager:213 - loadIPPluginJar : add i2s
2023-10-01 17:01:12,596 [INFO] IPUIPlugin:74 - create IPUIPlugin
2023-10-01 17:01:12,596 [INFO] PluginManager:213 - loadIPPluginJar : add ipddr
2023-10-01 17:01:12,599 [INFO] IPUIPlugin:74 - create IPUIPlugin
2023-10-01 17:01:12,599 [INFO] PluginManager:213 - loadIPPluginJar : add linkedlist
2023-10-01 17:01:12,600 [INFO] IPUIPlugin:74 - create IPUIPlugin
2023-10-01 17:01:12,600 [INFO] PluginManager:213 - loadIPPluginJar : add lorawan
2023-10-01 17:01:12,600 [INFO] IPUIPlugin:74 - create IPUIPlugin
2023-10-01 17:01:12,600 [INFO] PluginManager:213 - loadIPPluginJar : add ltdc
2023-10-01 17:01:12,602 [INFO] IPUIPlugin:74 - create IPUIPlugin
2023-10-01 17:01:12,602 [INFO] PluginManager:213 - loadIPPluginJar : add mdma
2023-10-01 17:01:12,603 [INFO] IPUIPlugin:74 - create IPUIPlugin
2023-10-01 17:01:12,603 [INFO] PluginManager:213 - loadIPPluginJar : add nvic
2023-10-01 17:01:12,603 [INFO] IPUIPlugin:74 - create IPUIPlugin
2023-10-01 17:01:12,604 [INFO] PluginManager:213 - loadIPPluginJar : add opamp
2023-10-01 17:01:12,604 [INFO] IPUIPlugin:74 - create IPUIPlugin
2023-10-01 17:01:12,605 [INFO] PluginManager:213 - loadIPPluginJar : add openamp
2023-10-01 17:01:12,606 [INFO] IPUIPlugin:74 - create IPUIPlugin
2023-10-01 17:01:12,606 [INFO] PluginManager:213 - loadIPPluginJar : add pdm2pcm
2023-10-01 17:01:12,608 [INFO] IPUIPlugin:74 - create IPUIPlugin
2023-10-01 17:01:12,609 [INFO] PluginManager:213 - loadIPPluginJar : add plateformsettings
2023-10-01 17:01:12,610 [INFO] IPUIPlugin:74 - create IPUIPlugin
2023-10-01 17:01:12,610 [INFO] PluginManager:213 - loadIPPluginJar : add quadspi
2023-10-01 17:01:12,611 [INFO] IPUIPlugin:74 - create IPUIPlugin
2023-10-01 17:01:12,611 [INFO] PluginManager:213 - loadIPPluginJar : add resmgrutility
2023-10-01 17:01:12,612 [INFO] IPUIPlugin:74 - create IPUIPlugin
2023-10-01 17:01:12,612 [INFO] PluginManager:213 - loadIPPluginJar : add sai
2023-10-01 17:01:12,613 [INFO] IPUIPlugin:74 - create IPUIPlugin
2023-10-01 17:01:12,613 [INFO] PluginManager:213 - loadIPPluginJar : add spi
2023-10-01 17:01:12,615 [INFO] IPUIPlugin:74 - create IPUIPlugin
2023-10-01 17:01:12,615 [INFO] PluginManager:213 - loadIPPluginJar : add stm32_wpan
2023-10-01 17:01:12,616 [INFO] IPUIPlugin:74 - create IPUIPlugin
2023-10-01 17:01:12,616 [INFO] PluginManager:213 - loadIPPluginJar : add tim
2023-10-01 17:01:12,617 [INFO] IPUIPlugin:74 - create IPUIPlugin
2023-10-01 17:01:12,617 [INFO] PluginManager:213 - loadIPPluginJar : add touchsensing
2023-10-01 17:01:12,618 [INFO] IPUIPlugin:74 - create IPUIPlugin
2023-10-01 17:01:12,618 [INFO] PluginManager:213 - loadIPPluginJar : add tracer_emb
2023-10-01 17:01:12,618 [INFO] IPUIPlugin:74 - create IPUIPlugin
2023-10-01 17:01:12,618 [INFO] PluginManager:213 - loadIPPluginJar : add ts
2023-10-01 17:01:12,619 [INFO] IPUIPlugin:74 - create IPUIPlugin
2023-10-01 17:01:12,619 [INFO] PluginManager:213 - loadIPPluginJar : add tsc
2023-10-01 17:01:12,619 [INFO] IPUIPlugin:74 - create IPUIPlugin
2023-10-01 17:01:12,620 [INFO] PluginManager:213 - loadIPPluginJar : add ucpd
2023-10-01 17:01:12,620 [INFO] IPUIPlugin:74 - create IPUIPlugin
2023-10-01 17:01:12,620 [INFO] PluginManager:213 - loadIPPluginJar : add usart
2023-10-01 17:01:12,621 [INFO] IPUIPlugin:74 - create IPUIPlugin
2023-10-01 17:01:12,621 [INFO] PluginManager:213 - loadIPPluginJar : add usbx
2023-10-01 17:01:12,783 [FATAL] Updater:294 - Updater called before beeing initialized
2023-10-01 17:01:12,827 [FATAL] Updater:294 - Updater called before beeing initialized
2023-10-01 17:01:12,829 [INFO] DbMcusAds:47 - JSON generation date=Tue Mar 07 15:50:55 ICT 2023 (1678179055114)
2023-10-01 17:01:12,829 [FATAL] Updater:294 - Updater called before beeing initialized
2023-10-01 17:01:12,845 [WARN] DetailPanel:314 - Failed to get advertising image, set to default
2023-10-01 17:01:12,892 [FATAL] Updater:294 - Updater called before beeing initialized
2023-10-01 17:01:12,892 [FATAL] Updater:294 - Updater called before beeing initialized
2023-10-01 17:01:12,892 [FATAL] Updater:294 - Updater called before beeing initialized
2023-10-01 17:01:12,892 [WARN] DetailPanel:314 - Failed to get advertising image, set to default
2023-10-01 17:01:12,894 [FATAL] Updater:294 - Updater called before beeing initialized
2023-10-01 17:01:12,915 [ERROR] Updater:1075 - MainUpdater not yet initialized. External WinMGr cannot be set.
2023-10-01 17:01:12,916 [INFO] Updater:1012 - Updater Version found : 6.3.0
2023-10-01 17:01:12,924 [INFO] ApplicationProperties:181 - Using Application install path: D:\STM32CubeIDE_1.7.0\STM32CubeIDE\plugins\com.st.stm32cube.common.mx_6.3.0.202107141111
2023-10-01 17:01:13,044 [INFO] MainUpdater:2671 - connection check result : 10
2023-10-01 17:01:13,044 [INFO] MainUpdater:265 - Updater Check For Update Now.
2023-10-01 17:01:13,044 [INFO] MicroXplorer:478 - Change Database Version : DB.6.0.30
2023-10-01 17:01:13,167 [INFO] CheckServerUpdateThread:112 - End of CheckServer Thread
2023-10-01 17:01:13,260 [INFO] MainUpdater:2671 - connection check result : 10
2023-10-01 17:01:13,511 [INFO] McuFinderGlobals:52 - Set McuFinderConnectedMode to false
2023-10-01 17:01:13,556 [INFO] CrossSelectorPresenter:1330 - Cross Selector saved comparison directory: C:\Users\MY GEAR\.stmcufinder\plugins\mcufinder\mcu\cs_comparisons_mx
2023-10-01 17:01:13,558 [INFO] MultiScanPanel:197 - Auto-refresh data requested => check proxy status ongoing
2023-10-01 17:01:13,558 [INFO] MultiScanPanel:201 - Proxy status is invalid
2023-10-01 17:01:13,560 [INFO] FinderPluginLoader:87 - Searching for filters in installed packs
2023-10-01 17:01:13,560 [INFO] DbMcusXml:100 - Load MCU database from D:\STM32CubeIDE_1.7.0\STM32CubeIDE\plugins\com.st.stm32cube.common.mx_6.3.0.202107141111\\db\/mcu/families.xml
2023-10-01 17:01:13,910 [INFO] DbMcusJson:93 - JSON generation date=Tue Nov 16 23:17:54 ICT 2021 (1637079474)
2023-10-01 17:01:14,198 [INFO] DbMcus:175 - Found 1951 MCUs (1903 are supported by CubeMX, 1914 are visible in CubeMX)
2023-10-01 17:01:14,198 [INFO] ApiDb:251 - Load user favorites file C:\Users\MY GEAR/.stm32cubeide/favorites.mcus.txt: 0 item(s)
2023-10-01 17:01:14,198 [INFO] ApiDb:255 - User favorites MCUs=[]
2023-10-01 17:01:14,199 [INFO] DbMcus:187 - Set 0 / 0 favorites MCUs
2023-10-01 17:01:14,381 [INFO] DetailPanel:309 - Set advertising image to C:/Users/MY GEAR/STM32Cube/Repository/\en.prom-stm32h5-mcu-finder.jpg
2023-10-01 17:01:14,546 [INFO] DbBoardsPdsc:90 - Found 25 items
2023-10-01 17:01:14,546 [INFO] DbBoardsPdsc:90 - Found 9 items
2023-10-01 17:01:14,548 [INFO] DbBoardsPdsc:90 - Found 33 items
2023-10-01 17:01:14,548 [INFO] DbBoardsPdsc:90 - Found 1 items
2023-10-01 17:01:14,551 [INFO] DbBoardsPdsc:90 - Found 48 items
2023-10-01 17:01:14,553 [INFO] DbBoardsPdsc:90 - Found 43 items
2023-10-01 17:01:14,554 [INFO] DbBoardsPdsc:90 - Found 2 items
2023-10-01 17:01:14,555 [INFO] DbBoardsPdsc:90 - Found 5 items
2023-10-01 17:01:14,556 [WARN] DbBoardsPdsc:254 - Board STM32H7B3I-DK: unknown feature type=Audio, name=, username=Audio stereo codec with Headphone Amp (CS42L51-CNZ), n=1
2023-10-01 17:01:14,557 [WARN] DbBoardsPdsc:254 - Board STM32H735G-DK: unknown feature type=Audio, name=, username=Audio stereo codec with Headphone Amp (WM8994ECS/R), n=1
2023-10-01 17:01:14,557 [WARN] DbBoardsPdsc:254 - Board STM32H7B3I-EVAL: unknown feature type=Audio, name=, username=Multi-Channel Audio Codec (CS42L51-CNZ), n=1
2023-10-01 17:01:14,557 [WARN] DbBoardsPdsc:254 - Board STM32H7B3I-EVAL: unknown feature type=Meter, name=, username=Power-metering and Temperature-monitoring with sigma-delta modulators, n=1
2023-10-01 17:01:14,557 [WARN] DbBoardsPdsc:254 - Board STM32H7B3I-EVAL: unknown feature type=Motor, name=, username=Motor Control, n=1
2023-10-01 17:01:14,558 [WARN] DbBoardsPdsc:254 - Board STM32U575I-EV: unknown feature type=joystick, name=, username=4-direction joystick with selection button, n=1
2023-10-01 17:01:14,565 [INFO] DbBoardsJson:86 - JSON generation date=Tue Nov 16 23:17:54 ICT 2021 (1637079474)
2023-10-01 17:01:14,568 [INFO] DbBoards:117 - Found 167 boards (163 are supported by CubeMX)
2023-10-01 17:01:14,569 [INFO] DbBoardsDocs:143 - JSON generation date=Tue Nov 16 23:17:54 ICT 2021 (1637079474)
2023-10-01 17:01:14,570 [INFO] DbBoardsDocs:79 - Found 209 boards documents
2023-10-01 17:01:14,570 [WARN] DbBoards:127 - board B-L475E-IOT01A2 has no document id list !
2023-10-01 17:01:14,571 [WARN] DbBoards:127 - board NUCLEO-H743ZI has no document id list !
2023-10-01 17:01:14,571 [WARN] DbBoards:127 - board NUCLEO-WL55JC2 has no document id list !
2023-10-01 17:01:14,572 [WARN] DbBoards:127 - board P-NUCLEO-WB55-Nucleo has no document id list !
2023-10-01 17:01:14,572 [WARN] DbBoards:127 - board P-NUCLEO-WB55-USBDongle has no document id list !
2023-10-01 17:01:14,572 [WARN] DbBoards:127 - board STEVAL-BFA001V1B has no document id list !
2023-10-01 17:01:14,572 [WARN] DbBoards:127 - board STEVAL-BFA001V2B has no document id list !
2023-10-01 17:01:14,572 [WARN] DbBoards:127 - board STEVAL-IDP005V1 has no document id list !
2023-10-01 17:01:14,572 [WARN] DbBoards:127 - board STEVAL-IDP005V2 has no document id list !
2023-10-01 17:01:14,572 [WARN] DbBoards:127 - board STEVAL-MKSBOX1V1 has no document id list !
2023-10-01 17:01:14,572 [WARN] DbBoards:127 - board STEVAL-STWINKT1 has no document id list !
2023-10-01 17:01:14,572 [WARN] DbBoards:127 - board STEVAL-STWINKT1B has no document id list !
2023-10-01 17:01:14,572 [WARN] DbBoards:127 - board STM32439I-EVAL2 has no document id list !
2023-10-01 17:01:14,572 [WARN] DbBoards:127 - board STM32F401C-DISCO has no document id list !
2023-10-01 17:01:14,572 [WARN] DbBoards:127 - board STM32F769I-DISC1 has no document id list !
2023-10-01 17:01:14,572 [WARN] DbBoards:127 - board STM32G474E-EVAL1 has no document id list !
2023-10-01 17:01:14,572 [WARN] DbBoards:127 - board STM32H743I-EVAL2 has no document id list !
2023-10-01 17:01:14,572 [WARN] DbBoards:127 - board STM32H747I-DISC1 has no document id list !
2023-10-01 17:01:14,573 [WARN] DbBoards:127 - board STM32H753I-EVAL2 has no document id list !
2023-10-01 17:01:14,573 [WARN] DbBoards:127 - board STM32L-DISCOVERY has no document id list !
2023-10-01 17:01:14,632 [ERROR] DbBoards:189 - Image file not found for board B-U585I-IOT02A: D:\STM32CubeIDE_1.7.0\STM32CubeIDE\plugins\com.st.stm32cube.common.mx_6.3.0.202107141111\\db\/plugins/mcufinder/images/boards/B-U585I-IOT02A_small.jpg
2023-10-01 17:01:14,679 [ERROR] DbBoards:189 - Image file not found for board NUCLEO-F413ZH: D:\STM32CubeIDE_1.7.0\STM32CubeIDE\plugins\com.st.stm32cube.common.mx_6.3.0.202107141111\\db\/plugins/mcufinder/images/boards/nucleo-f413zh_small.jpg
2023-10-01 17:01:14,770 [ERROR] DbBoards:189 - Image file not found for board NUCLEO-L552ZE-Q: D:\STM32CubeIDE_1.7.0\STM32CubeIDE\plugins\com.st.stm32cube.common.mx_6.3.0.202107141111\\db\/plugins/mcufinder/images/boards/nucleo_l552ze_q_small.jpg
2023-10-01 17:01:14,770 [ERROR] DbBoards:189 - Image file not found for board NUCLEO-U575ZI-Q: D:\STM32CubeIDE_1.7.0\STM32CubeIDE\plugins\com.st.stm32cube.common.mx_6.3.0.202107141111\\db\/plugins/mcufinder/images/boards/nucleo-u575zi-q_small.jpg
2023-10-01 17:01:14,770 [ERROR] DbBoards:189 - Image file not found for board NUCLEO-WB15CC: D:\STM32CubeIDE_1.7.0\STM32CubeIDE\plugins\com.st.stm32cube.common.mx_6.3.0.202107141111\\db\/plugins/mcufinder/images/boards/nucleo-wb15cc_small.jpg
2023-10-01 17:01:14,770 [ERROR] DbBoards:189 - Image file not found for board NUCLEO-WB55RG: D:\STM32CubeIDE_1.7.0\STM32CubeIDE\plugins\com.st.stm32cube.common.mx_6.3.0.202107141111\\db\/plugins/mcufinder/images/boards/nucleo-wb55rg_small.jpg
2023-10-01 17:01:15,303 [INFO] ApiDb:251 - Load user favorites file C:\Users\MY GEAR/.stm32cubeide/favorites.boards.txt: 0 item(s)
2023-10-01 17:01:15,303 [INFO] ApiDb:255 - User favorites Boards=[]
2023-10-01 17:01:15,303 [INFO] DbBoards:206 - Set 0 / 0 favorites Boards
2023-10-01 17:01:15,429 [ERROR] Engine:463 - C:\Users\MY GEAR\.stm32cubemx\thirdparties\pdsc\STMicroelectronics.X-CUBE-SMBUS.2.1.0.pdsc: PDSC version is not supported
2023-10-01 17:01:15,451 [WARN] PackLoader:238 - Cannot read IP mode file for STMicroelectronics.X-CUBE-AZRTOS-F7.1.1.0
2023-10-01 17:01:15,454 [ERROR] Engine:463 - C:\Users\MY GEAR\.stm32cubemx\thirdparties\pdsc\STMicroelectronics.FP-SNS-MOTENV1.4.3.2.pdsc: PDSC version is not supported
2023-10-01 17:01:15,459 [ERROR] Engine:463 - C:\Users\MY GEAR\.stm32cubemx\thirdparties\pdsc\STMicroelectronics.FP-SNS-FLIGHT1.5.0.2.pdsc: PDSC version is not supported
2023-10-01 17:01:15,460 [ERROR] Engine:463 - C:\Users\MY GEAR\.stm32cubemx\thirdparties\pdsc\STMicroelectronics.X-CUBE-DISPLAY.3.0.0.pdsc: PDSC version is not supported
2023-10-01 17:01:15,464 [WARN] PackLoader:238 - Cannot read IP mode file for STMicroelectronics.X-CUBE-BLE1.7.0.0
2023-10-01 17:01:15,465 [ERROR] Engine:463 - C:\Users\MY GEAR\.stm32cubemx\thirdparties\pdsc\emotas.I-CUBE-CANOPEN.1.3.0.pdsc: PDSC version is not supported
2023-10-01 17:01:15,467 [WARN] PackLoader:238 - Cannot read IP mode file for STMicroelectronics.X-CUBE-TOUCHGFX.4.22.0
2023-10-01 17:01:15,467 [ERROR] Engine:463 - C:\Users\MY GEAR\.stm32cubemx\thirdparties\pdsc\STMicroelectronics.FP-SNS-SMARTAG2.1.2.0.pdsc: PDSC version is not supported
2023-10-01 17:01:15,472 [INFO] LogOutputStream:76 - [STDOUT_REDIRECT] 1 : Invalid condition id : UX_CORESTACK_Condition cause : null
2023-10-01 17:01:15,473 [INFO] LogOutputStream:76 - [STDOUT_REDIRECT] 1 : Invalid condition id : UX_CORESTACK_Condition cause : null
2023-10-01 17:01:15,473 [INFO] LogOutputStream:76 - [STDOUT_REDIRECT] 1 : Invalid condition id : UX_CORESTACK_Condition cause : null
2023-10-01 17:01:15,473 [INFO] LogOutputStream:76 - [STDOUT_REDIRECT] 1 : Invalid condition id : UX_CORESTACK_Condition cause : null
2023-10-01 17:01:15,474 [INFO] LogOutputStream:76 - [STDOUT_REDIRECT] 1 : Invalid condition id : UX_CORESTACK_Condition cause : null
2023-10-01 17:01:15,475 [WARN] PackLoader:238 - Cannot read IP mode file for STMicroelectronics.X-CUBE-AZRTOS-WL.2.0.0
2023-10-01 17:01:15,479 [WARN] PackLoader:238 - Cannot read IP mode file for WES.I-CUBE-Cesium.1.3.0
2023-10-01 17:01:15,481 [WARN] PackLoader:238 - Cannot read IP mode file for STMicroelectronics.X-CUBE-BLE2.3.3.0
2023-10-01 17:01:15,485 [WARN] PackLoader:238 - Cannot read IP mode file for STMicroelectronics.X-CUBE-ALGOBUILD.1.3.0
2023-10-01 17:01:15,492 [WARN] PackLoader:238 - Cannot read IP mode file for STMicroelectronics.X-CUBE-AZRTOS-G0.1.1.0
2023-10-01 17:01:15,497 [WARN] PackLoader:238 - Cannot read IP mode file for STMicroelectronics.X-CUBE-NFC4.3.0.0
2023-10-01 17:01:15,499 [WARN] PackLoader:238 - Cannot read IP mode file for STMicroelectronics.FP-ATR-SIGFOX1.3.2.0
2023-10-01 17:01:15,516 [WARN] PackLoader:238 - Cannot read IP mode file for SEGGER.I-CUBE-embOS.1.3.1
2023-10-01 17:01:15,537 [WARN] PackLoader:238 - Cannot read IP mode file for STMicroelectronics.X-CUBE-GNSS1.6.0.0
2023-10-01 17:01:15,548 [WARN] PackLoader:238 - Cannot read IP mode file for STMicroelectronics.X-CUBE-AZRTOS-F4.1.1.0
2023-10-01 17:01:15,551 [WARN] PackLoader:238 - Cannot read IP mode file for wolfSSL.I-CUBE-wolfSSL.5.6.3
2023-10-01 17:01:15,558 [WARN] PackLoader:238 - Cannot read IP mode file for STMicroelectronics.X-CUBE-AZRTOS-L5.2.0.0
2023-10-01 17:01:15,579 [WARN] PackLoader:238 - Cannot read IP mode file for STMicroelectronics.X-CUBE-MEMS1.9.6.0
2023-10-01 17:01:15,664 [WARN] PackLoader:238 - Cannot read IP mode file for STMicroelectronics.X-CUBE-BLEMGR.2.0.0
2023-10-01 17:01:15,674 [WARN] ConditionMgr:437 - getConditionDescription Invalid condition id : UX DEVICE CLASS RTOS Condition cause : null
2023-10-01 17:01:15,674 [WARN] ConditionMgr:437 - getConditionDescription Invalid condition id : UX DEVICE CLASS RTOS Condition cause : null
2023-10-01 17:01:15,675 [WARN] PackLoader:238 - Cannot read IP mode file for STMicroelectronics.X-CUBE-AZRTOS-H7.3.1.0
2023-10-01 17:01:15,675 [WARN] ConditionMgr:1038 - genDependencies : Invalid condition id : UX DEVICE CLASS RTOS Condition cause : null
2023-10-01 17:01:15,676 [WARN] ConditionMgr:1038 - genDependencies : Invalid condition id : UX DEVICE CLASS RTOS Condition cause : null
2023-10-01 17:01:15,676 [WARN] ConditionMgr:1038 - genDependencies : Invalid condition id : UX DEVICE CLASS RTOS Condition cause : null
2023-10-01 17:01:15,676 [WARN] ConditionMgr:1038 - genDependencies : Invalid condition id : UX DEVICE CLASS RTOS Condition cause : null
2023-10-01 17:01:15,676 [WARN] ConditionMgr:1038 - genDependencies : Invalid condition id : UX DEVICE CLASS RTOS Condition cause : null
2023-10-01 17:01:15,679 [WARN] PackLoader:238 - Cannot read IP mode file for STMicroelectronics.X-CUBE-NFC7.1.0.1
2023-10-01 17:01:15,682 [WARN] PackLoader:238 - Cannot read IP mode file for STMicroelectronics.X-CUBE-NFC6.3.0.0
2023-10-01 17:01:15,685 [WARN] PackLoader:238 - Cannot read IP mode file for STMicroelectronics.X-CUBE-EEPRMA1.4.1.0
2023-10-01 17:01:15,687 [WARN] PackLoader:238 - Cannot read IP mode file for STMicroelectronics.X-CUBE-AI.8.1.0
2023-10-01 17:01:15,696 [WARN] ConditionMgr:437 - getConditionDescription Invalid condition id : LAN8742 Phy interface Condition cause : null
2023-10-01 17:01:15,696 [WARN] PackLoader:238 - Cannot read IP mode file for STMicroelectronics.X-CUBE-AZRTOS-L4.2.0.0
2023-10-01 17:01:15,697 [WARN] ConditionMgr:1038 - genDependencies : Invalid condition id : LAN8742 Phy interface Condition cause : null
2023-10-01 17:01:15,697 [WARN] ConditionMgr:1038 - genDependencies : Invalid condition id : LAN8742 Phy interface Condition cause : null
2023-10-01 17:01:15,697 [WARN] ConditionMgr:1038 - genDependencies : Invalid condition id : LAN8742 Phy interface Condition cause : null
2023-10-01 17:01:15,700 [WARN] PackLoader:238 - Cannot read IP mode file for STMicroelectronics.X-CUBE-SFXS2LP1.4.0.0
2023-10-01 17:01:15,702 [WARN] PackLoader:238 - Cannot read IP mode file for STMicroelectronics.X-CUBE-ISPU.1.1.0
2023-10-01 17:01:15,708 [WARN] ConditionMgr:437 - getConditionDescription Invalid condition id : UX DEVICE CLASS RTOS Condition cause : null
2023-10-01 17:01:15,708 [WARN] ConditionMgr:437 - getConditionDescription Invalid condition id : UX DEVICE CLASS RTOS Condition cause : null
2023-10-01 17:01:15,709 [WARN] PackLoader:238 - Cannot read IP mode file for STMicroelectronics.X-CUBE-AZRTOS-WB.2.0.0
2023-10-01 17:01:15,710 [WARN] ConditionMgr:1038 - genDependencies : Invalid condition id : UX DEVICE CLASS RTOS Condition cause : null
2023-10-01 17:01:15,710 [WARN] ConditionMgr:1038 - genDependencies : Invalid condition id : UX DEVICE CLASS RTOS Condition cause : null
2023-10-01 17:01:15,710 [WARN] ConditionMgr:1038 - genDependencies : Invalid condition id : UX DEVICE CLASS RTOS Condition cause : null
2023-10-01 17:01:15,710 [WARN] ConditionMgr:1038 - genDependencies : Invalid condition id : UX DEVICE CLASS RTOS Condition cause : null
2023-10-01 17:01:15,710 [WARN] ConditionMgr:1038 - genDependencies : Invalid condition id : UX DEVICE CLASS RTOS Condition cause : null
2023-10-01 17:01:15,714 [WARN] PackLoader:238 - Cannot read IP mode file for STMicroelectronics.X-CUBE-SUBG2.5.0.0
2023-10-01 17:01:15,718 [ERROR] Engine:463 - C:\Users\MY GEAR\.stm32cubemx\thirdparties\pdsc\STMicroelectronics.X-CUBE-TOF1.3.3.1.pdsc: PDSC version is not supported
2023-10-01 17:01:15,725 [WARN] PackLoader:238 - Cannot read IP mode file for STMicroelectronics.X-CUBE-AZRTOS-G4.2.0.0
2023-10-01 17:01:15,726 [ERROR] Engine:463 - C:\Users\MY GEAR\.stm32cubemx\thirdparties\pdsc\STMicroelectronics.X-CUBE-FREERTOS.1.1.0.pdsc: PDSC version is not supported
2023-10-01 17:01:15,728 [WARN] PackLoader:238 - Cannot read IP mode file for STMicroelectronics.X-CUBE-ALS.1.0.1
2023-10-01 17:01:15,729 [WARN] PackLoader:238 - Cannot read IP mode file for STMicroelectronics.FP-ATR-ASTRA1.2.0.0
2023-10-01 17:01:15,729 [INFO] ThirdParty:915 - Integrity check success = true
2023-10-01 17:01:15,729 [INFO] IntegrityCheckThread:94 - exiting critical section [integrity check]
2023-10-01 17:01:15,729 [INFO] IntegrityCheckThread:97 - End integrity checks thread
2023-10-01 17:01:25,931 [INFO] DbMcusDocs:143 - JSON generation date=Tue Nov 16 23:17:54 ICT 2021 (1637079474)
2023-10-01 17:01:26,062 [INFO] DbMcusDocs:79 - Found 682 MCUs documents
2023-10-01 17:01:36,570 [INFO] MainUpdater:2671 - connection check result : 10
2023-10-01 17:01:36,571 [INFO] MainUpdater:2671 - connection check result : 10
2023-10-01 17:01:36,592 [INFO] MicroXplorer:448 - Change Database Path : 
2023-10-01 17:01:36,592 [INFO] MicroXplorer:478 - Change Database Version : DB.6.0.30
2023-10-01 17:01:36,593 [WARN] ThirdParty:813 - waiting for thirdparty lock release [close project]
2023-10-01 17:01:36,593 [INFO] ThirdParty:815 - entering critical section [close project]
2023-10-01 17:01:36,593 [INFO] ThirdParty:825 - exiting critical section [close project]
2023-10-01 17:01:36,595 [INFO] PinOutPanel:1463 - setPackage(No Configuration,No Configuration)
2023-10-01 17:01:36,595 [INFO] UtilMem:74 - Begin LoadConfig() Used Memory: 290413840 Bytes (425721856)
2023-10-01 17:01:36,595 [INFO] MicroXplorer:448 - Change Database Path : 
2023-10-01 17:01:36,596 [INFO] MicroXplorer:478 - Change Database Version : DB.6.0.30
2023-10-01 17:01:36,596 [INFO] OpenFileManager:313 - Change cursor
2023-10-01 17:01:36,881 [INFO] Context:592 - Trying to add GPIOservice into a context  which must be forbidden
2023-10-01 17:01:36,965 [INFO] ImportTextPane:167 - (OptionalMessage_ERROR) Unable to find key (Mcu.ThirdPartyNb) in loaded IOC file
2023-10-01 17:01:36,965 [INFO] ImportTextPane:167 - (OptionalMessage_ERROR) Unable to find key (Mcu.PinsNb) in loaded IOC file
2023-10-01 17:01:36,965 [INFO] ImportTextPane:167 - (OptionalMessage_ERROR) Unable to find key (Mcu.IPNb) in loaded IOC file
2023-10-01 17:01:36,989 [WARN] ApiManager:304 - Cannot register API 'Board Extension:GNSS1A1' from pack STMicroelectronics.X-CUBE-GNSS1.6.0.0: no header file found
2023-10-01 17:01:36,989 [WARN] ApiManager:304 - Cannot register API 'Board Support:Custom' from pack STMicroelectronics.X-CUBE-GNSS1.6.0.0: no header file found
2023-10-01 17:01:36,989 [WARN] ApiManager:304 - Cannot register API 'Data Exchange:lib_gnss' from pack STMicroelectronics.X-CUBE-GNSS1.6.0.0: no header file found
2023-10-01 17:01:36,991 [WARN] ApiManager:304 - Cannot register API 'Wireless:BlueNRG-MS' from pack STMicroelectronics.X-CUBE-BLE1.7.0.0: no header file found
2023-10-01 17:01:36,992 [WARN] ModelIntegratedComponent:60 - No mode defined for component null
2023-10-01 17:01:36,992 [WARN] ModelIntegratedComponent:60 - No mode defined for component null
2023-10-01 17:01:36,992 [WARN] ModelIntegratedComponent:60 - No mode defined for component null
2023-10-01 17:01:36,992 [WARN] ModelIntegratedComponent:60 - No mode defined for component null
2023-10-01 17:01:36,992 [WARN] ModelIntegratedComponent:60 - No mode defined for component null
2023-10-01 17:01:36,992 [WARN] ModelIntegratedComponent:60 - No mode defined for component null
2023-10-01 17:01:36,992 [WARN] ModelIntegratedComponent:60 - No mode defined for component null
2023-10-01 17:01:36,992 [WARN] ModelIntegratedComponent:60 - No mode defined for component null
2023-10-01 17:01:36,992 [WARN] ModelIntegratedComponent:60 - No mode defined for component null
2023-10-01 17:01:36,992 [WARN] ModelIntegratedComponent:60 - No mode defined for component null
2023-10-01 17:01:36,992 [WARN] ModelIntegratedComponent:60 - No mode defined for component null
2023-10-01 17:01:36,992 [WARN] ModelIntegratedComponent:60 - No mode defined for component null
2023-10-01 17:01:36,992 [WARN] ModelIntegratedComponent:60 - No mode defined for component null
2023-10-01 17:01:36,992 [WARN] ModelIntegratedComponent:60 - No mode defined for component null
2023-10-01 17:01:36,992 [WARN] ModelIntegratedComponent:60 - No mode defined for component null
2023-10-01 17:01:36,992 [WARN] ModelIntegratedComponent:60 - No mode defined for component null
2023-10-01 17:01:36,992 [WARN] ModelIntegratedComponent:60 - No mode defined for component null
2023-10-01 17:01:36,992 [WARN] ModelIntegratedComponent:60 - No mode defined for component null
2023-10-01 17:01:36,992 [WARN] ModelIntegratedComponent:60 - No mode defined for component null
2023-10-01 17:01:36,992 [WARN] ModelIntegratedComponent:60 - No mode defined for component null
2023-10-01 17:01:36,992 [WARN] ModelIntegratedComponent:60 - No mode defined for component null
2023-10-01 17:01:36,992 [WARN] ModelIntegratedComponent:60 - No mode defined for component null
2023-10-01 17:01:36,992 [WARN] ModelIntegratedComponent:60 - No mode defined for component null
2023-10-01 17:01:36,992 [WARN] ModelIntegratedComponent:60 - No mode defined for component null
2023-10-01 17:01:36,992 [WARN] ModelIntegratedComponent:60 - No mode defined for component null
2023-10-01 17:01:36,994 [WARN] ModelIntegratedComponent:60 - No mode defined for component null
2023-10-01 17:01:36,994 [WARN] ModelIntegratedComponent:60 - No mode defined for component null
2023-10-01 17:01:36,994 [WARN] ModelIntegratedComponent:60 - No mode defined for component null
2023-10-01 17:01:36,994 [WARN] ModelIntegratedComponent:60 - No mode defined for component null
2023-10-01 17:01:36,994 [WARN] ModelIntegratedComponent:60 - No mode defined for component null
2023-10-01 17:01:36,994 [WARN] ModelIntegratedComponent:60 - No mode defined for component null
2023-10-01 17:01:36,996 [WARN] ApiManager:304 - Cannot register API 'Board Extension:NFC07A1' from pack STMicroelectronics.X-CUBE-NFC7.1.0.1: no header file found
2023-10-01 17:01:36,998 [WARN] ApiManager:304 - Cannot register API 'Board Extension:NFC06A1' from pack STMicroelectronics.X-CUBE-NFC6.3.0.0: no header file found
2023-10-01 17:01:36,998 [WARN] ApiManager:304 - Cannot register API 'Board Extension:NFC08A1' from pack STMicroelectronics.X-CUBE-NFC6.3.0.0: no header file found
2023-10-01 17:01:36,999 [WARN] ApiManager:304 - Cannot register API 'Board Extension:EEPRMA1' from pack STMicroelectronics.X-CUBE-EEPRMA1.4.1.0: no header file found
2023-10-01 17:01:36,999 [WARN] ApiManager:304 - Cannot register API 'Board Extension:EEPRMA2' from pack STMicroelectronics.X-CUBE-EEPRMA1.4.1.0: no header file found
2023-10-01 17:01:36,999 [WARN] ApiManager:304 - Cannot register API 'Board Extension:PGEEZ1' from pack STMicroelectronics.X-CUBE-EEPRMA1.4.1.0: no header file found
2023-10-01 17:01:36,999 [WARN] ApiManager:304 - Cannot register API 'Board Part:M24' from pack STMicroelectronics.X-CUBE-EEPRMA1.4.1.0: no header file found
2023-10-01 17:01:36,999 [WARN] ApiManager:304 - Cannot register API 'Board Part:M95' from pack STMicroelectronics.X-CUBE-EEPRMA1.4.1.0: no header file found
2023-10-01 17:01:36,999 [WARN] ApiManager:304 - Cannot register API 'Board Part:M95P32' from pack STMicroelectronics.X-CUBE-EEPRMA1.4.1.0: no header file found
2023-10-01 17:01:36,999 [WARN] ApiManager:304 - Cannot register API 'PGEEZ1:SPI' from pack STMicroelectronics.X-CUBE-EEPRMA1.4.1.0: no header file found
2023-10-01 17:01:36,999 [WARN] ApiManager:304 - Cannot register API 'PGEEZ1:QDSPI' from pack STMicroelectronics.X-CUBE-EEPRMA1.4.1.0: no header file found
2023-10-01 17:01:37,098 [WARN] ApiManager:304 - Cannot register API 'Board Extension:IKS01A3' from pack STMicroelectronics.X-CUBE-MEMS1.9.6.0: no header file found
2023-10-01 17:01:37,098 [WARN] ApiManager:304 - Cannot register API 'Board Extension:IKS01A2' from pack STMicroelectronics.X-CUBE-MEMS1.9.6.0: no header file found
2023-10-01 17:01:37,098 [WARN] ApiManager:304 - Cannot register API 'Board Extension:IKS02A1' from pack STMicroelectronics.X-CUBE-MEMS1.9.6.0: no header file found
2023-10-01 17:01:37,108 [INFO] RtosManager:484 - Registered RTOS mode: class=CMSIS, group=RTOS, mode=CMSIS_V1, owner=FREERTOS
2023-10-01 17:01:37,108 [INFO] RtosManager:484 - Registered RTOS mode: class=CMSIS, group=RTOS2, mode=CMSIS_V2, owner=FREERTOS
2023-10-01 17:01:37,109 [INFO] RtosManager:484 - Registered RTOS mode: class=RTOS, group=Core, mode=CMSIS_V1, owner=FREERTOS
2023-10-01 17:01:37,109 [INFO] RtosManager:484 - Registered RTOS mode: class=RTOS, group=Core, mode=CMSIS_V2, owner=FREERTOS
2023-10-01 17:01:37,109 [WARN] ModelIntegratedComponent:181 - Missing modes for component STMicroelectronics:FreeRTOS:0.0.1:STMicroelectronics:RTOS:FreeRTOS:Core:::10.2.0:
2023-10-01 17:01:37,110 [WARN] ApiManager:304 - Cannot register API 'Board Extension:NFC04A1' from pack STMicroelectronics.X-CUBE-NFC4.3.0.0: no header file found
2023-10-01 17:01:37,112 [WARN] ApiManager:304 - Cannot register API 'Board Extension:S2868A1' from pack STMicroelectronics.X-CUBE-SUBG2.5.0.0: no header file found
2023-10-01 17:01:37,112 [WARN] ApiManager:304 - Cannot register API 'Board Extension:S2868A2' from pack STMicroelectronics.X-CUBE-SUBG2.5.0.0: no header file found
2023-10-01 17:01:37,112 [WARN] ApiManager:304 - Cannot register API 'Board Extension:S2915A1' from pack STMicroelectronics.X-CUBE-SUBG2.5.0.0: no header file found
2023-10-01 17:01:37,114 [WARN] ApiManager:304 - Cannot register API 'Board Extension:S2868A1' from pack STMicroelectronics.X-CUBE-SFXS2LP1.4.0.0: no header file found
2023-10-01 17:01:37,114 [WARN] ApiManager:304 - Cannot register API 'Board Extension:S2868A2' from pack STMicroelectronics.X-CUBE-SFXS2LP1.4.0.0: no header file found
2023-10-01 17:01:37,114 [WARN] ApiManager:304 - Cannot register API 'Board Extension:S2915A1' from pack STMicroelectronics.X-CUBE-SFXS2LP1.4.0.0: no header file found
2023-10-01 17:01:37,114 [WARN] ApiManager:304 - Cannot register API 'Wireless:BlueNRG-2' from pack STMicroelectronics.X-CUBE-BLE2.3.3.0: no header file found
2023-10-01 17:01:37,839 [INFO] UtilMem:74 - End LoadConfig() Used Memory: 327094744 Bytes (425721856)
2023-10-01 17:01:37,840 [WARN] ThirdParty:779 - waiting for thirdparty lock release [change project]
2023-10-01 17:01:37,840 [INFO] ThirdParty:781 - entering critical section [change project]
2023-10-01 17:01:37,840 [INFO] ThirdParty:967 - CMSIS Pack Vendor :STMicroelectronics X-CUBE-ISPU 1.1.0
2023-10-01 17:01:37,840 [INFO] ThirdParty:967 - CMSIS Pack Vendor :STMicroelectronics X-CUBE-GNSS1 6.0.0
2023-10-01 17:01:37,840 [INFO] ThirdParty:967 - CMSIS Pack Vendor :STMicroelectronics USB_HOST 2.0.0
2023-10-01 17:01:37,840 [INFO] ThirdParty:967 - CMSIS Pack Vendor :STMicroelectronics X-CUBE-AZRTOS-F4 1.1.0
2023-10-01 17:01:37,840 [INFO] ThirdParty:967 - CMSIS Pack Vendor :STMicroelectronics X-CUBE-BLE1 7.0.0
2023-10-01 17:01:37,840 [INFO] ThirdParty:967 - CMSIS Pack Vendor :STMicroelectronics FP-ATR-SIGFOX1 3.2.0
2023-10-01 17:01:37,840 [INFO] ThirdParty:967 - CMSIS Pack Vendor :wolfSSL I-CUBE-wolfSSL 5.6.3
2023-10-01 17:01:37,840 [INFO] ThirdParty:967 - CMSIS Pack Vendor :STMicroelectronics USB_DEVICE 3.0.0
2023-10-01 17:01:37,840 [INFO] ThirdParty:967 - CMSIS Pack Vendor :STMicroelectronics HAL Drivers 0.0.0
2023-10-01 17:01:37,840 [INFO] ThirdParty:967 - CMSIS Pack Vendor :STMicroelectronics MBEDTLS 2.16.2
2023-10-01 17:01:37,840 [INFO] ThirdParty:967 - CMSIS Pack Vendor :STMicroelectronics X-CUBE-AZRTOS-WB 2.0.0
2023-10-01 17:01:37,840 [INFO] ThirdParty:967 - CMSIS Pack Vendor :STMicroelectronics X-CUBE-TOUCHGFX 4.22.0
2023-10-01 17:01:37,840 [INFO] ThirdParty:967 - CMSIS Pack Vendor :STMicroelectronics X-CUBE-NFC7 1.0.1
2023-10-01 17:01:37,840 [INFO] ThirdParty:967 - CMSIS Pack Vendor :STMicroelectronics MBEDTLS 2.14.1
2023-10-01 17:01:37,840 [INFO] ThirdParty:967 - CMSIS Pack Vendor :STMicroelectronics X-CUBE-AZRTOS-F7 1.1.0
2023-10-01 17:01:37,840 [INFO] ThirdParty:967 - CMSIS Pack Vendor :STMicroelectronics X-CUBE-AZRTOS-L5 2.0.0
2023-10-01 17:01:37,840 [INFO] ThirdParty:967 - CMSIS Pack Vendor :STMicroelectronics X-CUBE-NFC6 3.0.0
2023-10-01 17:01:37,840 [INFO] ThirdParty:967 - CMSIS Pack Vendor :STMicroelectronics X-CUBE-EEPRMA1 4.1.0
2023-10-01 17:01:37,840 [INFO] ThirdParty:967 - CMSIS Pack Vendor :STMicroelectronics X-CUBE-ALS 1.0.1
2023-10-01 17:01:37,840 [INFO] ThirdParty:967 - CMSIS Pack Vendor :STMicroelectronics USB_DEVICE 2.0.0
2023-10-01 17:01:37,840 [INFO] ThirdParty:967 - CMSIS Pack Vendor :STMicroelectronics X-CUBE-MEMS1 9.6.0
2023-10-01 17:01:37,840 [INFO] ThirdParty:967 - CMSIS Pack Vendor :STMicroelectronics X-CUBE-AZRTOS-WL 2.0.0
2023-10-01 17:01:37,840 [INFO] ThirdParty:967 - CMSIS Pack Vendor :STMicroelectronics X-CUBE-ALGOBUILD 1.3.0
2023-10-01 17:01:37,840 [INFO] ThirdParty:967 - CMSIS Pack Vendor :SEGGER I-CUBE-embOS 1.3.1
2023-10-01 17:01:37,840 [INFO] ThirdParty:967 - CMSIS Pack Vendor :STMicroelectronics FreeRTOS 0.0.1
2023-10-01 17:01:37,840 [INFO] ThirdParty:967 - CMSIS Pack Vendor :STMicroelectronics X-CUBE-AZRTOS-G0 1.1.0
2023-10-01 17:01:37,840 [INFO] ThirdParty:967 - CMSIS Pack Vendor :STMicroelectronics USB_DEVICE 1.0.0
2023-10-01 17:01:37,840 [INFO] ThirdParty:967 - CMSIS Pack Vendor :STMicroelectronics X-CUBE-BLEMGR 2.0.0
2023-10-01 17:01:37,840 [INFO] ThirdParty:967 - CMSIS Pack Vendor :STMicroelectronics X-CUBE-AI 8.1.0
2023-10-01 17:01:37,840 [INFO] ThirdParty:967 - CMSIS Pack Vendor :STMicroelectronics X-CUBE-NFC4 3.0.0
2023-10-01 17:01:37,840 [INFO] ThirdParty:967 - CMSIS Pack Vendor :STMicroelectronics X-CUBE-SUBG2 5.0.0
2023-10-01 17:01:37,840 [INFO] ThirdParty:967 - CMSIS Pack Vendor :STMicroelectronics X-CUBE-AZRTOS-L4 2.0.0
2023-10-01 17:01:37,840 [INFO] ThirdParty:967 - CMSIS Pack Vendor :STMicroelectronics ThreadX 0.0.2
2023-10-01 17:01:37,840 [INFO] ThirdParty:967 - CMSIS Pack Vendor :WES I-CUBE-Cesium 1.3.0
2023-10-01 17:01:37,841 [INFO] ThirdParty:967 - CMSIS Pack Vendor :STMicroelectronics FP-ATR-ASTRA1 2.0.0
2023-10-01 17:01:37,841 [INFO] ThirdParty:967 - CMSIS Pack Vendor :STMicroelectronics lwIP 2.0.3
2023-10-01 17:01:37,841 [INFO] ThirdParty:967 - CMSIS Pack Vendor :STMicroelectronics lwIP 2.1.2
2023-10-01 17:01:37,841 [INFO] ThirdParty:967 - CMSIS Pack Vendor :STMicroelectronics X-CUBE-SFXS2LP1 4.0.0
2023-10-01 17:01:37,841 [INFO] ThirdParty:967 - CMSIS Pack Vendor :STMicroelectronics X-CUBE-BLE2 3.3.0
2023-10-01 17:01:37,841 [INFO] ThirdParty:967 - CMSIS Pack Vendor :STMicroelectronics USB_HOST 1.0.0
2023-10-01 17:01:37,841 [INFO] ThirdParty:967 - CMSIS Pack Vendor :STMicroelectronics X-CUBE-AZRTOS-G4 2.0.0
2023-10-01 17:01:37,841 [INFO] ThirdParty:967 - CMSIS Pack Vendor :STMicroelectronics PDM2PCM 3.1.0
2023-10-01 17:01:37,841 [INFO] ThirdParty:967 - CMSIS Pack Vendor :STMicroelectronics X-CUBE-AZRTOS-H7 3.1.0
2023-10-01 17:01:37,841 [INFO] ThirdParty:967 - CMSIS Pack Vendor :STMicroelectronics PDM2PCM 3.2.0
2023-10-01 17:01:37,841 [INFO] ThirdParty:967 - CMSIS Pack Vendor :STMicroelectronics PDM2PCM 3.3.0
2023-10-01 17:01:37,841 [INFO] ThirdParty:787 - exiting critical section [change project]
2023-10-01 17:01:37,928 [INFO] PinOutPanel:1463 - setPackage(No Configuration,No Configuration)
2023-10-01 17:01:37,929 [INFO] PinOutPanel:1463 - setPackage(STM32F103C6Ux,UFQFPN48)
2023-10-01 17:01:38,098 [INFO] UtilMem:74 - Before build in PCC Used Memory: 279112112 Bytes (425721856)
2023-10-01 17:01:38,345 [INFO] UtilMem:74 - After build in PCC Used Memory: 287592352 Bytes (425721856)
2023-10-01 17:01:38,354 [INFO] IPUIPlugin:74 - create IPUIPlugin
2023-10-01 17:01:38,354 [INFO] IPUIPlugin:74 - create IPUIPlugin
2023-10-01 17:01:38,354 [INFO] IPUIPlugin:74 - create IPUIPlugin
2023-10-01 17:01:38,354 [INFO] IPUIPlugin:74 - create IPUIPlugin
2023-10-01 17:01:38,354 [INFO] IPUIPlugin:74 - create IPUIPlugin
2023-10-01 17:01:38,354 [INFO] IPUIPlugin:74 - create IPUIPlugin
2023-10-01 17:01:38,354 [INFO] IPUIPlugin:74 - create IPUIPlugin
2023-10-01 17:01:38,354 [INFO] IPUIPlugin:74 - create IPUIPlugin
2023-10-01 17:01:38,355 [INFO] IPUIPlugin:74 - create IPUIPlugin
2023-10-01 17:01:38,355 [INFO] IPUIPlugin:74 - create IPUIPlugin
2023-10-01 17:01:38,355 [INFO] IPUIPlugin:74 - create IPUIPlugin
2023-10-01 17:01:38,355 [INFO] IPUIPlugin:74 - create IPUIPlugin
2023-10-01 17:01:38,355 [INFO] IPUIPlugin:74 - create IPUIPlugin
2023-10-01 17:01:38,355 [INFO] IPUIPlugin:74 - create IPUIPlugin
2023-10-01 17:01:38,355 [INFO] IPUIPlugin:74 - create IPUIPlugin
2023-10-01 17:01:38,355 [INFO] IPUIPlugin:74 - create IPUIPlugin
2023-10-01 17:01:38,355 [INFO] IPUIPlugin:74 - create IPUIPlugin
2023-10-01 17:01:38,355 [INFO] IPUIPlugin:74 - create IPUIPlugin
2023-10-01 17:01:38,355 [INFO] IPUIPlugin:74 - create IPUIPlugin
2023-10-01 17:01:38,355 [INFO] IPUIPlugin:74 - create IPUIPlugin
2023-10-01 17:01:38,355 [INFO] IPUIPlugin:74 - create IPUIPlugin
2023-10-01 17:01:38,356 [INFO] IPUIPlugin:74 - create IPUIPlugin
2023-10-01 17:01:38,356 [INFO] IPUIPlugin:74 - create IPUIPlugin
2023-10-01 17:01:38,402 [INFO] OpenFileManager:333 - Restore cursor
2023-10-01 17:01:38,528 [INFO] UtilMem:74 - End SaveConfig() Used Memory: 312377720 Bytes (425721856)
2023-10-01 17:01:38,553 [INFO] UtilMem:74 - End SaveConfig() Used Memory: 325686912 Bytes (425721856)
2023-10-01 17:01:38,687 [INFO] BlockDiagram:2740 - set Specific Code input for plugin: NVIC
2023-10-01 17:01:38,687 [INFO] BlockDiagram:2740 - set Specific Code input for plugin: SYS
2023-10-01 17:01:38,687 [INFO] BlockDiagram:2740 - set Specific Code input for plugin: RCC
2023-10-01 17:01:38,688 [INFO] CodeGenerator:663 - code generatio: config db path: D:\STM32CubeIDE_1.7.0\STM32CubeIDE\plugins\com.st.stm32cube.common.mx_6.3.0.202107141111\\db\
2023-10-01 17:01:38,816 [INFO] CodeEngine:239 - oldGeneratedFile, C:\Users\MY GEAR\Desktop\MCULab2\STM32Code\Exc1\MXTmpFiles\license.tmp_save
2023-10-01 17:01:38,960 [INFO] CodeEngine:257 - Generated code: C:\Users\MY GEAR\Desktop\MCULab2\STM32Code\Exc1\MXTmpFiles\license.tmp
2023-10-01 17:01:38,997 [INFO] CodeEngine:239 - oldGeneratedFile, C:\Users\MY GEAR\Desktop\MCULab2\STM32Code\Exc1\Core\Src\stm32f1xx_it.c_save
2023-10-01 17:01:39,065 [INFO] CodeEngine:257 - Generated code: C:\Users\MY GEAR\Desktop\MCULab2\STM32Code\Exc1\Core\Src\stm32f1xx_it.c
2023-10-01 17:01:39,066 [INFO] CodeEngine:239 - oldGeneratedFile, C:\Users\MY GEAR\Desktop\MCULab2\STM32Code\Exc1\Core\Inc\stm32f1xx_it.h_save
2023-10-01 17:01:39,111 [INFO] CodeEngine:257 - Generated code: C:\Users\MY GEAR\Desktop\MCULab2\STM32Code\Exc1\Core\Inc\stm32f1xx_it.h
2023-10-01 17:01:39,115 [INFO] CodeEngine:239 - oldGeneratedFile, C:\Users\MY GEAR\Desktop\MCULab2\STM32Code\Exc1\Core\Src\stm32f1xx_hal_msp.c_save
2023-10-01 17:01:39,164 [INFO] CodeEngine:257 - Generated code: C:\Users\MY GEAR\Desktop\MCULab2\STM32Code\Exc1\Core\Src\stm32f1xx_hal_msp.c
2023-10-01 17:01:39,165 [INFO] CodeEngine:239 - oldGeneratedFile, C:\Users\MY GEAR\Desktop\MCULab2\STM32Code\Exc1\MXTmpFiles\system.tmp_save
2023-10-01 17:01:39,198 [INFO] CodeEngine:257 - Generated code: C:\Users\MY GEAR\Desktop\MCULab2\STM32Code\Exc1\MXTmpFiles\system.tmp
2023-10-01 17:01:39,200 [INFO] CodeEngine:239 - oldGeneratedFile, C:\Users\MY GEAR\Desktop\MCULab2\STM32Code\Exc1\Core\Inc\stm32f1xx_hal_conf.h_save
2023-10-01 17:01:39,250 [INFO] CodeEngine:257 - Generated code: C:\Users\MY GEAR\Desktop\MCULab2\STM32Code\Exc1\Core\Inc\stm32f1xx_hal_conf.h
2023-10-01 17:01:39,267 [INFO] CodeEngine:239 - oldGeneratedFile, C:\Users\MY GEAR\Desktop\MCULab2\STM32Code\Exc1\Core\Inc\main.h_save
2023-10-01 17:01:39,314 [INFO] CodeEngine:257 - Generated code: C:\Users\MY GEAR\Desktop\MCULab2\STM32Code\Exc1\Core\Inc\main.h
2023-10-01 17:01:39,315 [INFO] CodeEngine:239 - oldGeneratedFile, C:\Users\MY GEAR\Desktop\MCULab2\STM32Code\Exc1\Core\Src\main.c_save
2023-10-01 17:01:39,372 [INFO] CodeEngine:257 - Generated code: C:\Users\MY GEAR\Desktop\MCULab2\STM32Code\Exc1\Core\Src\main.c
2023-10-01 17:01:39,751 [INFO] ProjectBuilder:2578 - Time for Copy HAL[1] : 33mS.
2023-10-01 17:01:39,755 [INFO] ProjectBuilder:3622 - Project Generator version: 3.14.1
2023-10-01 17:01:39,947 [INFO] ConfigFileManager:1271 - The Die is : DIE412
2023-10-01 17:01:39,954 [INFO] ApiDbMcu:468 - Load IP Config File for FATFS
2023-10-01 17:01:39,973 [INFO] ApiDbMcu:468 - Load IP Config File for FREERTOS
2023-10-01 17:01:39,982 [INFO] ApiDbMcu:468 - Load IP Config File for USB_DEVICE
2023-10-01 17:01:41,477 [INFO] ProjectBuilder:3789 - Time for Generating toolchain IDE Files: 1722mS.
2023-10-01 17:01:41,477 [INFO] ProjectBuilder:2457 - Time for Copy CMSIS : 0mS.
2023-10-01 17:01:41,478 [INFO] ProjectBuilder:2457 - Time for Copy CMSIS : 0mS.
2023-10-01 17:01:41,718 [INFO] McuFinderGlobals:52 - Set McuFinderConnectedMode to true
2023-10-01 17:01:41,719 [INFO] ApiDb:276 - Save user favorites file C:\Users\MY GEAR/.stm32cubeide/favorites.mcus.txt: 0 item(s)
2023-10-01 17:01:41,719 [INFO] ApiDb:280 - User favorites MCUs=[]
2023-10-01 17:03:22,190 [INFO] NvicIntPanel:96 - NVIC parent = com.st.microxplorer.plugins.ip.nvic.MultiNvicIntPanel[,0,0,0x0,invalid,layout=javax.swing.BoxLayout,alignmentX=0.0,alignmentY=0.0,border=,flags=9,maximumSize=,minimumSize=,preferredSize=]
2023-10-01 17:03:23,718 [INFO] NvicIntPanel:96 - NVIC parent = com.st.microxplorer.plugins.ip.nvic.MultiNvicIntPanel[,0,0,0x0,invalid,layout=javax.swing.BoxLayout,alignmentX=0.0,alignmentY=0.0,border=,flags=9,maximumSize=,minimumSize=,preferredSize=]
2023-10-01 17:03:32,348 [INFO] UtilMem:74 - End SaveConfig() Used Memory: 814090376 Bytes (904921088)
2023-10-01 17:03:33,567 [INFO] UtilMem:74 - End SaveConfig() Used Memory: 828980456 Bytes (904921088)
2023-10-01 17:03:35,110 [INFO] UtilMem:74 - End SaveConfig() Used Memory: 822120512 Bytes (904921088)
2023-10-01 17:03:35,245 [INFO] BlockDiagram:2740 - set Specific Code input for plugin: NVIC
2023-10-01 17:03:35,245 [INFO] BlockDiagram:2740 - set Specific Code input for plugin: SYS
2023-10-01 17:03:35,245 [INFO] BlockDiagram:2740 - set Specific Code input for plugin: GPIO
2023-10-01 17:03:35,245 [INFO] BlockDiagram:2740 - set Specific Code input for plugin: RCC
2023-10-01 17:03:35,245 [INFO] BlockDiagram:2740 - set Specific Code input for plugin: TIM1_8F1
2023-10-01 17:03:35,245 [INFO] CodeGenerator:663 - code generatio: config db path: D:\STM32CubeIDE_1.7.0\STM32CubeIDE\plugins\com.st.stm32cube.common.mx_6.3.0.202107141111\\db\
2023-10-01 17:03:35,383 [INFO] CodeEngine:239 - oldGeneratedFile, C:\Users\MY GEAR\Desktop\MCULab2\STM32Code\Exc1\MXTmpFiles\license.tmp_save
2023-10-01 17:03:35,425 [INFO] CodeEngine:257 - Generated code: C:\Users\MY GEAR\Desktop\MCULab2\STM32Code\Exc1\MXTmpFiles\license.tmp
2023-10-01 17:03:35,453 [INFO] CodeEngine:239 - oldGeneratedFile, C:\Users\MY GEAR\Desktop\MCULab2\STM32Code\Exc1\MXTmpFiles\gpio.tmp_save
2023-10-01 17:03:35,489 [INFO] CodeEngine:257 - Generated code: C:\Users\MY GEAR\Desktop\MCULab2\STM32Code\Exc1\MXTmpFiles\gpio.tmp
2023-10-01 17:03:35,549 [INFO] CodeEngine:239 - oldGeneratedFile, C:\Users\MY GEAR\Desktop\MCULab2\STM32Code\Exc1\Core\Src\stm32f1xx_it.c_save
2023-10-01 17:03:35,605 [INFO] CodeEngine:257 - Generated code: C:\Users\MY GEAR\Desktop\MCULab2\STM32Code\Exc1\Core\Src\stm32f1xx_it.c
2023-10-01 17:03:35,607 [INFO] CodeEngine:239 - oldGeneratedFile, C:\Users\MY GEAR\Desktop\MCULab2\STM32Code\Exc1\Core\Inc\stm32f1xx_it.h_save
2023-10-01 17:03:35,641 [INFO] CodeEngine:257 - Generated code: C:\Users\MY GEAR\Desktop\MCULab2\STM32Code\Exc1\Core\Inc\stm32f1xx_it.h
2023-10-01 17:03:35,648 [INFO] CodeEngine:239 - oldGeneratedFile, C:\Users\MY GEAR\Desktop\MCULab2\STM32Code\Exc1\Core\Src\stm32f1xx_hal_msp.c_save
2023-10-01 17:03:35,701 [INFO] CodeEngine:257 - Generated code: C:\Users\MY GEAR\Desktop\MCULab2\STM32Code\Exc1\Core\Src\stm32f1xx_hal_msp.c
2023-10-01 17:03:35,702 [INFO] CodeEngine:239 - oldGeneratedFile, C:\Users\MY GEAR\Desktop\MCULab2\STM32Code\Exc1\MXTmpFiles\system.tmp_save
2023-10-01 17:03:35,732 [INFO] CodeEngine:257 - Generated code: C:\Users\MY GEAR\Desktop\MCULab2\STM32Code\Exc1\MXTmpFiles\system.tmp
2023-10-01 17:03:35,737 [INFO] CodeEngine:239 - oldGeneratedFile, C:\Users\MY GEAR\Desktop\MCULab2\STM32Code\Exc1\Core\Inc\stm32f1xx_hal_conf.h_save
2023-10-01 17:03:35,785 [INFO] CodeEngine:257 - Generated code: C:\Users\MY GEAR\Desktop\MCULab2\STM32Code\Exc1\Core\Inc\stm32f1xx_hal_conf.h
2023-10-01 17:03:35,794 [WARN] IPConfigManager:3148 - IP not found : TIM
2023-10-01 17:03:35,794 [WARN] CodeGenerator:3268 - IP not found : null
2023-10-01 17:03:35,799 [INFO] CodeEngine:239 - oldGeneratedFile, C:\Users\MY GEAR\Desktop\MCULab2\STM32Code\Exc1\Core\Inc\main.h_save
2023-10-01 17:03:35,841 [INFO] CodeEngine:257 - Generated code: C:\Users\MY GEAR\Desktop\MCULab2\STM32Code\Exc1\Core\Inc\main.h
2023-10-01 17:03:35,847 [INFO] CodeEngine:239 - oldGeneratedFile, C:\Users\MY GEAR\Desktop\MCULab2\STM32Code\Exc1\Core\Src\main.c_save
2023-10-01 17:03:35,915 [INFO] CodeEngine:257 - Generated code: C:\Users\MY GEAR\Desktop\MCULab2\STM32Code\Exc1\Core\Src\main.c
2023-10-01 17:03:36,234 [INFO] ProjectBuilder:2578 - Time for Copy HAL[1] : 27mS.
2023-10-01 17:03:36,236 [INFO] ProjectBuilder:3622 - Project Generator version: 3.14.1
2023-10-01 17:03:36,431 [INFO] ConfigFileManager:1271 - The Die is : DIE412
2023-10-01 17:03:37,110 [INFO] ProjectBuilder:3789 - Time for Generating toolchain IDE Files: 874mS.
2023-10-01 17:03:37,110 [INFO] ProjectBuilder:2457 - Time for Copy CMSIS : 0mS.
2023-10-01 17:03:37,111 [INFO] ProjectBuilder:2457 - Time for Copy CMSIS : 0mS.
2023-10-01 18:04:15,705 [INFO] MainUpdater:2671 - connection check result : 10
2023-10-01 18:04:15,706 [INFO] MainUpdater:2671 - connection check result : 10
2023-10-01 18:04:15,742 [INFO] MicroXplorer:448 - Change Database Path : 
2023-10-01 18:04:15,742 [INFO] MicroXplorer:478 - Change Database Version : DB.6.0.30
2023-10-01 18:04:15,742 [WARN] ThirdParty:813 - waiting for thirdparty lock release [close project]
2023-10-01 18:04:15,742 [INFO] ThirdParty:815 - entering critical section [close project]
2023-10-01 18:04:15,742 [INFO] ThirdParty:825 - exiting critical section [close project]
2023-10-01 18:04:15,743 [INFO] PinOutPanel:1463 - setPackage(No Configuration,No Configuration)
2023-10-01 18:04:15,746 [INFO] UtilMem:74 - Begin LoadConfig() Used Memory: 877498024 Bytes (1069547520)
2023-10-01 18:04:15,746 [INFO] MicroXplorer:448 - Change Database Path : 
2023-10-01 18:04:15,746 [INFO] MicroXplorer:478 - Change Database Version : DB.6.0.30
2023-10-01 18:04:15,746 [INFO] OpenFileManager:313 - Change cursor
2023-10-01 18:04:15,767 [INFO] RulesReader:57 - Compatibility file has been processed (242 Rules)
2023-10-01 18:04:16,061 [INFO] Context:592 - Trying to add GPIOservice into a context  which must be forbidden
2023-10-01 18:04:16,147 [WARN] ApiManager:304 - Cannot register API 'Board Extension:GNSS1A1' from pack STMicroelectronics.X-CUBE-GNSS1.6.0.0: no header file found
2023-10-01 18:04:16,147 [WARN] ApiManager:304 - Cannot register API 'Board Support:Custom' from pack STMicroelectronics.X-CUBE-GNSS1.6.0.0: no header file found
2023-10-01 18:04:16,147 [WARN] ApiManager:304 - Cannot register API 'Data Exchange:lib_gnss' from pack STMicroelectronics.X-CUBE-GNSS1.6.0.0: no header file found
2023-10-01 18:04:16,149 [WARN] ApiManager:304 - Cannot register API 'Wireless:BlueNRG-MS' from pack STMicroelectronics.X-CUBE-BLE1.7.0.0: no header file found
2023-10-01 18:04:16,150 [WARN] ModelIntegratedComponent:60 - No mode defined for component null
2023-10-01 18:04:16,150 [WARN] ModelIntegratedComponent:60 - No mode defined for component null
2023-10-01 18:04:16,150 [WARN] ModelIntegratedComponent:60 - No mode defined for component null
2023-10-01 18:04:16,150 [WARN] ModelIntegratedComponent:60 - No mode defined for component null
2023-10-01 18:04:16,150 [WARN] ModelIntegratedComponent:60 - No mode defined for component null
2023-10-01 18:04:16,150 [WARN] ModelIntegratedComponent:60 - No mode defined for component null
2023-10-01 18:04:16,150 [WARN] ModelIntegratedComponent:60 - No mode defined for component null
2023-10-01 18:04:16,150 [WARN] ModelIntegratedComponent:60 - No mode defined for component null
2023-10-01 18:04:16,150 [WARN] ModelIntegratedComponent:60 - No mode defined for component null
2023-10-01 18:04:16,150 [WARN] ModelIntegratedComponent:60 - No mode defined for component null
2023-10-01 18:04:16,150 [WARN] ModelIntegratedComponent:60 - No mode defined for component null
2023-10-01 18:04:16,150 [WARN] ModelIntegratedComponent:60 - No mode defined for component null
2023-10-01 18:04:16,150 [WARN] ModelIntegratedComponent:60 - No mode defined for component null
2023-10-01 18:04:16,151 [WARN] ModelIntegratedComponent:60 - No mode defined for component null
2023-10-01 18:04:16,151 [WARN] ModelIntegratedComponent:60 - No mode defined for component null
2023-10-01 18:04:16,151 [WARN] ModelIntegratedComponent:60 - No mode defined for component null
2023-10-01 18:04:16,151 [WARN] ModelIntegratedComponent:60 - No mode defined for component null
2023-10-01 18:04:16,151 [WARN] ModelIntegratedComponent:60 - No mode defined for component null
2023-10-01 18:04:16,151 [WARN] ModelIntegratedComponent:60 - No mode defined for component null
2023-10-01 18:04:16,151 [WARN] ModelIntegratedComponent:60 - No mode defined for component null
2023-10-01 18:04:16,151 [WARN] ModelIntegratedComponent:60 - No mode defined for component null
2023-10-01 18:04:16,151 [WARN] ModelIntegratedComponent:60 - No mode defined for component null
2023-10-01 18:04:16,151 [WARN] ModelIntegratedComponent:60 - No mode defined for component null
2023-10-01 18:04:16,151 [WARN] ModelIntegratedComponent:60 - No mode defined for component null
2023-10-01 18:04:16,151 [WARN] ModelIntegratedComponent:60 - No mode defined for component null
2023-10-01 18:04:16,151 [WARN] ModelIntegratedComponent:60 - No mode defined for component null
2023-10-01 18:04:16,151 [WARN] ModelIntegratedComponent:60 - No mode defined for component null
2023-10-01 18:04:16,151 [WARN] ModelIntegratedComponent:60 - No mode defined for component null
2023-10-01 18:04:16,151 [WARN] ModelIntegratedComponent:60 - No mode defined for component null
2023-10-01 18:04:16,151 [WARN] ModelIntegratedComponent:60 - No mode defined for component null
2023-10-01 18:04:16,151 [WARN] ModelIntegratedComponent:60 - No mode defined for component null
2023-10-01 18:04:16,153 [WARN] ApiManager:304 - Cannot register API 'Board Extension:NFC07A1' from pack STMicroelectronics.X-CUBE-NFC7.1.0.1: no header file found
2023-10-01 18:04:16,155 [WARN] ApiManager:304 - Cannot register API 'Board Extension:NFC06A1' from pack STMicroelectronics.X-CUBE-NFC6.3.0.0: no header file found
2023-10-01 18:04:16,155 [WARN] ApiManager:304 - Cannot register API 'Board Extension:NFC08A1' from pack STMicroelectronics.X-CUBE-NFC6.3.0.0: no header file found
2023-10-01 18:04:16,156 [WARN] ApiManager:304 - Cannot register API 'Board Extension:EEPRMA1' from pack STMicroelectronics.X-CUBE-EEPRMA1.4.1.0: no header file found
2023-10-01 18:04:16,156 [WARN] ApiManager:304 - Cannot register API 'Board Extension:EEPRMA2' from pack STMicroelectronics.X-CUBE-EEPRMA1.4.1.0: no header file found
2023-10-01 18:04:16,156 [WARN] ApiManager:304 - Cannot register API 'Board Extension:PGEEZ1' from pack STMicroelectronics.X-CUBE-EEPRMA1.4.1.0: no header file found
2023-10-01 18:04:16,156 [WARN] ApiManager:304 - Cannot register API 'Board Part:M24' from pack STMicroelectronics.X-CUBE-EEPRMA1.4.1.0: no header file found
2023-10-01 18:04:16,156 [WARN] ApiManager:304 - Cannot register API 'Board Part:M95' from pack STMicroelectronics.X-CUBE-EEPRMA1.4.1.0: no header file found
2023-10-01 18:04:16,156 [WARN] ApiManager:304 - Cannot register API 'Board Part:M95P32' from pack STMicroelectronics.X-CUBE-EEPRMA1.4.1.0: no header file found
2023-10-01 18:04:16,156 [WARN] ApiManager:304 - Cannot register API 'PGEEZ1:SPI' from pack STMicroelectronics.X-CUBE-EEPRMA1.4.1.0: no header file found
2023-10-01 18:04:16,156 [WARN] ApiManager:304 - Cannot register API 'PGEEZ1:QDSPI' from pack STMicroelectronics.X-CUBE-EEPRMA1.4.1.0: no header file found
2023-10-01 18:04:16,269 [WARN] ApiManager:304 - Cannot register API 'Board Extension:IKS01A3' from pack STMicroelectronics.X-CUBE-MEMS1.9.6.0: no header file found
2023-10-01 18:04:16,269 [WARN] ApiManager:304 - Cannot register API 'Board Extension:IKS01A2' from pack STMicroelectronics.X-CUBE-MEMS1.9.6.0: no header file found
2023-10-01 18:04:16,269 [WARN] ApiManager:304 - Cannot register API 'Board Extension:IKS02A1' from pack STMicroelectronics.X-CUBE-MEMS1.9.6.0: no header file found
2023-10-01 18:04:16,275 [INFO] RtosManager:484 - Registered RTOS mode: class=CMSIS, group=RTOS, mode=CMSIS_V1, owner=FREERTOS
2023-10-01 18:04:16,275 [INFO] RtosManager:484 - Registered RTOS mode: class=CMSIS, group=RTOS2, mode=CMSIS_V2, owner=FREERTOS
2023-10-01 18:04:16,275 [INFO] RtosManager:484 - Registered RTOS mode: class=RTOS, group=Core, mode=CMSIS_V1, owner=FREERTOS
2023-10-01 18:04:16,275 [INFO] RtosManager:484 - Registered RTOS mode: class=RTOS, group=Core, mode=CMSIS_V2, owner=FREERTOS
2023-10-01 18:04:16,275 [WARN] ModelIntegratedComponent:181 - Missing modes for component STMicroelectronics:FreeRTOS:0.0.1:STMicroelectronics:RTOS:FreeRTOS:Core:::10.2.0:
2023-10-01 18:04:16,277 [WARN] ApiManager:304 - Cannot register API 'Board Extension:NFC04A1' from pack STMicroelectronics.X-CUBE-NFC4.3.0.0: no header file found
2023-10-01 18:04:16,278 [WARN] ApiManager:304 - Cannot register API 'Board Extension:S2868A1' from pack STMicroelectronics.X-CUBE-SUBG2.5.0.0: no header file found
2023-10-01 18:04:16,278 [WARN] ApiManager:304 - Cannot register API 'Board Extension:S2868A2' from pack STMicroelectronics.X-CUBE-SUBG2.5.0.0: no header file found
2023-10-01 18:04:16,278 [WARN] ApiManager:304 - Cannot register API 'Board Extension:S2915A1' from pack STMicroelectronics.X-CUBE-SUBG2.5.0.0: no header file found
2023-10-01 18:04:16,280 [WARN] ApiManager:304 - Cannot register API 'Board Extension:S2868A1' from pack STMicroelectronics.X-CUBE-SFXS2LP1.4.0.0: no header file found
2023-10-01 18:04:16,280 [WARN] ApiManager:304 - Cannot register API 'Board Extension:S2868A2' from pack STMicroelectronics.X-CUBE-SFXS2LP1.4.0.0: no header file found
2023-10-01 18:04:16,280 [WARN] ApiManager:304 - Cannot register API 'Board Extension:S2915A1' from pack STMicroelectronics.X-CUBE-SFXS2LP1.4.0.0: no header file found
2023-10-01 18:04:16,280 [WARN] ApiManager:304 - Cannot register API 'Wireless:BlueNRG-2' from pack STMicroelectronics.X-CUBE-BLE2.3.3.0: no header file found
2023-10-01 18:04:16,982 [INFO] UtilMem:74 - End LoadConfig() Used Memory: 879680632 Bytes (1069547520)
2023-10-01 18:04:16,983 [WARN] ThirdParty:779 - waiting for thirdparty lock release [change project]
2023-10-01 18:04:16,983 [INFO] ThirdParty:781 - entering critical section [change project]
2023-10-01 18:04:16,983 [INFO] ThirdParty:967 - CMSIS Pack Vendor :STMicroelectronics X-CUBE-ISPU 1.1.0
2023-10-01 18:04:16,983 [INFO] ThirdParty:967 - CMSIS Pack Vendor :STMicroelectronics X-CUBE-GNSS1 6.0.0
2023-10-01 18:04:16,983 [INFO] ThirdParty:967 - CMSIS Pack Vendor :STMicroelectronics USB_HOST 2.0.0
2023-10-01 18:04:16,983 [INFO] ThirdParty:967 - CMSIS Pack Vendor :STMicroelectronics X-CUBE-AZRTOS-F4 1.1.0
2023-10-01 18:04:16,983 [INFO] ThirdParty:967 - CMSIS Pack Vendor :STMicroelectronics X-CUBE-BLE1 7.0.0
2023-10-01 18:04:16,983 [INFO] ThirdParty:967 - CMSIS Pack Vendor :STMicroelectronics FP-ATR-SIGFOX1 3.2.0
2023-10-01 18:04:16,983 [INFO] ThirdParty:967 - CMSIS Pack Vendor :wolfSSL I-CUBE-wolfSSL 5.6.3
2023-10-01 18:04:16,983 [INFO] ThirdParty:967 - CMSIS Pack Vendor :STMicroelectronics USB_DEVICE 3.0.0
2023-10-01 18:04:16,983 [INFO] ThirdParty:967 - CMSIS Pack Vendor :STMicroelectronics HAL Drivers 0.0.0
2023-10-01 18:04:16,983 [INFO] ThirdParty:967 - CMSIS Pack Vendor :STMicroelectronics MBEDTLS 2.16.2
2023-10-01 18:04:16,983 [INFO] ThirdParty:967 - CMSIS Pack Vendor :STMicroelectronics X-CUBE-AZRTOS-WB 2.0.0
2023-10-01 18:04:16,983 [INFO] ThirdParty:967 - CMSIS Pack Vendor :STMicroelectronics X-CUBE-TOUCHGFX 4.22.0
2023-10-01 18:04:16,983 [INFO] ThirdParty:967 - CMSIS Pack Vendor :STMicroelectronics X-CUBE-NFC7 1.0.1
2023-10-01 18:04:16,983 [INFO] ThirdParty:967 - CMSIS Pack Vendor :STMicroelectronics MBEDTLS 2.14.1
2023-10-01 18:04:16,983 [INFO] ThirdParty:967 - CMSIS Pack Vendor :STMicroelectronics X-CUBE-AZRTOS-F7 1.1.0
2023-10-01 18:04:16,983 [INFO] ThirdParty:967 - CMSIS Pack Vendor :STMicroelectronics X-CUBE-AZRTOS-L5 2.0.0
2023-10-01 18:04:16,983 [INFO] ThirdParty:967 - CMSIS Pack Vendor :STMicroelectronics X-CUBE-NFC6 3.0.0
2023-10-01 18:04:16,983 [INFO] ThirdParty:967 - CMSIS Pack Vendor :STMicroelectronics X-CUBE-EEPRMA1 4.1.0
2023-10-01 18:04:16,983 [INFO] ThirdParty:967 - CMSIS Pack Vendor :STMicroelectronics X-CUBE-ALS 1.0.1
2023-10-01 18:04:16,983 [INFO] ThirdParty:967 - CMSIS Pack Vendor :STMicroelectronics USB_DEVICE 2.0.0
2023-10-01 18:04:16,983 [INFO] ThirdParty:967 - CMSIS Pack Vendor :STMicroelectronics X-CUBE-MEMS1 9.6.0
2023-10-01 18:04:16,983 [INFO] ThirdParty:967 - CMSIS Pack Vendor :STMicroelectronics X-CUBE-AZRTOS-WL 2.0.0
2023-10-01 18:04:16,984 [INFO] ThirdParty:967 - CMSIS Pack Vendor :STMicroelectronics X-CUBE-ALGOBUILD 1.3.0
2023-10-01 18:04:16,984 [INFO] ThirdParty:967 - CMSIS Pack Vendor :SEGGER I-CUBE-embOS 1.3.1
2023-10-01 18:04:16,984 [INFO] ThirdParty:967 - CMSIS Pack Vendor :STMicroelectronics FreeRTOS 0.0.1
2023-10-01 18:04:16,984 [INFO] ThirdParty:967 - CMSIS Pack Vendor :STMicroelectronics X-CUBE-AZRTOS-G0 1.1.0
2023-10-01 18:04:16,984 [INFO] ThirdParty:967 - CMSIS Pack Vendor :STMicroelectronics USB_DEVICE 1.0.0
2023-10-01 18:04:16,984 [INFO] ThirdParty:967 - CMSIS Pack Vendor :STMicroelectronics X-CUBE-BLEMGR 2.0.0
2023-10-01 18:04:16,984 [INFO] ThirdParty:967 - CMSIS Pack Vendor :STMicroelectronics X-CUBE-AI 8.1.0
2023-10-01 18:04:16,984 [INFO] ThirdParty:967 - CMSIS Pack Vendor :STMicroelectronics X-CUBE-NFC4 3.0.0
2023-10-01 18:04:16,984 [INFO] ThirdParty:967 - CMSIS Pack Vendor :STMicroelectronics X-CUBE-SUBG2 5.0.0
2023-10-01 18:04:16,984 [INFO] ThirdParty:967 - CMSIS Pack Vendor :STMicroelectronics X-CUBE-AZRTOS-L4 2.0.0
2023-10-01 18:04:16,984 [INFO] ThirdParty:967 - CMSIS Pack Vendor :STMicroelectronics ThreadX 0.0.2
2023-10-01 18:04:16,984 [INFO] ThirdParty:967 - CMSIS Pack Vendor :WES I-CUBE-Cesium 1.3.0
2023-10-01 18:04:16,984 [INFO] ThirdParty:967 - CMSIS Pack Vendor :STMicroelectronics FP-ATR-ASTRA1 2.0.0
2023-10-01 18:04:16,984 [INFO] ThirdParty:967 - CMSIS Pack Vendor :STMicroelectronics lwIP 2.0.3
2023-10-01 18:04:16,984 [INFO] ThirdParty:967 - CMSIS Pack Vendor :STMicroelectronics lwIP 2.1.2
2023-10-01 18:04:16,984 [INFO] ThirdParty:967 - CMSIS Pack Vendor :STMicroelectronics X-CUBE-SFXS2LP1 4.0.0
2023-10-01 18:04:16,984 [INFO] ThirdParty:967 - CMSIS Pack Vendor :STMicroelectronics X-CUBE-BLE2 3.3.0
2023-10-01 18:04:16,984 [INFO] ThirdParty:967 - CMSIS Pack Vendor :STMicroelectronics USB_HOST 1.0.0
2023-10-01 18:04:16,984 [INFO] ThirdParty:967 - CMSIS Pack Vendor :STMicroelectronics X-CUBE-AZRTOS-G4 2.0.0
2023-10-01 18:04:16,984 [INFO] ThirdParty:967 - CMSIS Pack Vendor :STMicroelectronics PDM2PCM 3.1.0
2023-10-01 18:04:16,984 [INFO] ThirdParty:967 - CMSIS Pack Vendor :STMicroelectronics X-CUBE-AZRTOS-H7 3.1.0
2023-10-01 18:04:16,984 [INFO] ThirdParty:967 - CMSIS Pack Vendor :STMicroelectronics PDM2PCM 3.2.0
2023-10-01 18:04:16,984 [INFO] ThirdParty:967 - CMSIS Pack Vendor :STMicroelectronics PDM2PCM 3.3.0
2023-10-01 18:04:16,984 [INFO] ThirdParty:787 - exiting critical section [change project]
2023-10-01 18:04:17,049 [INFO] PinOutPanel:1463 - setPackage(No Configuration,No Configuration)
2023-10-01 18:04:17,049 [INFO] PinOutPanel:1463 - setPackage(STM32F103C6Ux,UFQFPN48)
2023-10-01 18:04:17,169 [INFO] UtilMem:74 - Before build in PCC Used Memory: 749577384 Bytes (1069547520)
2023-10-01 18:04:17,326 [INFO] UtilMem:74 - After build in PCC Used Memory: 817734824 Bytes (1069547520)
2023-10-01 18:04:17,334 [INFO] IPUIPlugin:74 - create IPUIPlugin
2023-10-01 18:04:17,334 [INFO] IPUIPlugin:74 - create IPUIPlugin
2023-10-01 18:04:17,334 [INFO] IPUIPlugin:74 - create IPUIPlugin
2023-10-01 18:04:17,334 [INFO] IPUIPlugin:74 - create IPUIPlugin
2023-10-01 18:04:17,335 [INFO] IPUIPlugin:74 - create IPUIPlugin
2023-10-01 18:04:17,335 [INFO] IPUIPlugin:74 - create IPUIPlugin
2023-10-01 18:04:17,335 [INFO] IPUIPlugin:74 - create IPUIPlugin
2023-10-01 18:04:17,335 [INFO] IPUIPlugin:74 - create IPUIPlugin
2023-10-01 18:04:17,335 [INFO] IPUIPlugin:74 - create IPUIPlugin
2023-10-01 18:04:17,335 [INFO] IPUIPlugin:74 - create IPUIPlugin
2023-10-01 18:04:17,335 [INFO] IPUIPlugin:74 - create IPUIPlugin
2023-10-01 18:04:17,335 [INFO] IPUIPlugin:74 - create IPUIPlugin
2023-10-01 18:04:17,335 [INFO] IPUIPlugin:74 - create IPUIPlugin
2023-10-01 18:04:17,335 [INFO] IPUIPlugin:74 - create IPUIPlugin
2023-10-01 18:04:17,335 [INFO] IPUIPlugin:74 - create IPUIPlugin
2023-10-01 18:04:17,336 [INFO] IPUIPlugin:74 - create IPUIPlugin
2023-10-01 18:04:17,336 [INFO] IPUIPlugin:74 - create IPUIPlugin
2023-10-01 18:04:17,336 [INFO] IPUIPlugin:74 - create IPUIPlugin
2023-10-01 18:04:17,336 [INFO] IPUIPlugin:74 - create IPUIPlugin
2023-10-01 18:04:17,336 [INFO] IPUIPlugin:74 - create IPUIPlugin
2023-10-01 18:04:17,336 [INFO] IPUIPlugin:74 - create IPUIPlugin
2023-10-01 18:04:17,337 [INFO] IPUIPlugin:74 - create IPUIPlugin
2023-10-01 18:04:17,337 [INFO] IPUIPlugin:74 - create IPUIPlugin
2023-10-01 18:04:17,346 [INFO] OpenFileManager:333 - Restore cursor
2023-10-01 18:05:11,907 [INFO] UtilMem:74 - End SaveConfig() Used Memory: 886049208 Bytes (1069547520)
2023-10-01 18:05:13,349 [INFO] UtilMem:74 - End SaveConfig() Used Memory: 907020728 Bytes (1069547520)
2023-10-01 18:05:17,768 [INFO] UtilMem:74 - End SaveConfig() Used Memory: 942672312 Bytes (1069547520)
2023-10-01 18:05:17,919 [INFO] BlockDiagram:2740 - set Specific Code input for plugin: NVIC
2023-10-01 18:05:17,919 [INFO] BlockDiagram:2740 - set Specific Code input for plugin: SYS
2023-10-01 18:05:17,920 [INFO] BlockDiagram:2740 - set Specific Code input for plugin: GPIO
2023-10-01 18:05:17,920 [INFO] BlockDiagram:2740 - set Specific Code input for plugin: RCC
2023-10-01 18:05:17,920 [INFO] BlockDiagram:2740 - set Specific Code input for plugin: TIM1_8F1
2023-10-01 18:05:17,920 [INFO] CodeGenerator:663 - code generatio: config db path: D:\STM32CubeIDE_1.7.0\STM32CubeIDE\plugins\com.st.stm32cube.common.mx_6.3.0.202107141111\\db\
2023-10-01 18:05:18,081 [INFO] CodeEngine:239 - oldGeneratedFile, C:\Users\MY GEAR\Desktop\MCULab2\STM32Code\Exc1\MXTmpFiles\license.tmp_save
2023-10-01 18:05:18,136 [INFO] CodeEngine:257 - Generated code: C:\Users\MY GEAR\Desktop\MCULab2\STM32Code\Exc1\MXTmpFiles\license.tmp
2023-10-01 18:05:18,169 [INFO] CodeEngine:239 - oldGeneratedFile, C:\Users\MY GEAR\Desktop\MCULab2\STM32Code\Exc1\MXTmpFiles\gpio.tmp_save
2023-10-01 18:05:18,206 [INFO] CodeEngine:257 - Generated code: C:\Users\MY GEAR\Desktop\MCULab2\STM32Code\Exc1\MXTmpFiles\gpio.tmp
2023-10-01 18:05:18,294 [INFO] CodeEngine:239 - oldGeneratedFile, C:\Users\MY GEAR\Desktop\MCULab2\STM32Code\Exc1\Core\Src\stm32f1xx_it.c_save
2023-10-01 18:05:18,344 [INFO] CodeEngine:257 - Generated code: C:\Users\MY GEAR\Desktop\MCULab2\STM32Code\Exc1\Core\Src\stm32f1xx_it.c
2023-10-01 18:05:18,350 [INFO] CodeEngine:239 - oldGeneratedFile, C:\Users\MY GEAR\Desktop\MCULab2\STM32Code\Exc1\Core\Inc\stm32f1xx_it.h_save
2023-10-01 18:05:18,396 [INFO] CodeEngine:257 - Generated code: C:\Users\MY GEAR\Desktop\MCULab2\STM32Code\Exc1\Core\Inc\stm32f1xx_it.h
2023-10-01 18:05:18,405 [INFO] CodeEngine:239 - oldGeneratedFile, C:\Users\MY GEAR\Desktop\MCULab2\STM32Code\Exc1\Core\Src\stm32f1xx_hal_msp.c_save
2023-10-01 18:05:18,458 [INFO] CodeEngine:257 - Generated code: C:\Users\MY GEAR\Desktop\MCULab2\STM32Code\Exc1\Core\Src\stm32f1xx_hal_msp.c
2023-10-01 18:05:18,462 [INFO] CodeEngine:239 - oldGeneratedFile, C:\Users\MY GEAR\Desktop\MCULab2\STM32Code\Exc1\MXTmpFiles\system.tmp_save
2023-10-01 18:05:18,493 [INFO] CodeEngine:257 - Generated code: C:\Users\MY GEAR\Desktop\MCULab2\STM32Code\Exc1\MXTmpFiles\system.tmp
2023-10-01 18:05:18,502 [INFO] CodeEngine:239 - oldGeneratedFile, C:\Users\MY GEAR\Desktop\MCULab2\STM32Code\Exc1\Core\Inc\stm32f1xx_hal_conf.h_save
2023-10-01 18:05:18,545 [INFO] CodeEngine:257 - Generated code: C:\Users\MY GEAR\Desktop\MCULab2\STM32Code\Exc1\Core\Inc\stm32f1xx_hal_conf.h
2023-10-01 18:05:18,556 [WARN] IPConfigManager:3148 - IP not found : TIM
2023-10-01 18:05:18,556 [WARN] CodeGenerator:3268 - IP not found : null
2023-10-01 18:05:18,564 [INFO] CodeEngine:239 - oldGeneratedFile, C:\Users\MY GEAR\Desktop\MCULab2\STM32Code\Exc1\Core\Inc\main.h_save
2023-10-01 18:05:18,605 [INFO] CodeEngine:257 - Generated code: C:\Users\MY GEAR\Desktop\MCULab2\STM32Code\Exc1\Core\Inc\main.h
2023-10-01 18:05:18,613 [INFO] CodeEngine:239 - oldGeneratedFile, C:\Users\MY GEAR\Desktop\MCULab2\STM32Code\Exc1\Core\Src\main.c_save
2023-10-01 18:05:18,698 [INFO] CodeEngine:257 - Generated code: C:\Users\MY GEAR\Desktop\MCULab2\STM32Code\Exc1\Core\Src\main.c
2023-10-01 18:05:19,032 [INFO] ProjectBuilder:2578 - Time for Copy HAL[1] : 27mS.
2023-10-01 18:05:19,034 [INFO] ProjectBuilder:3622 - Project Generator version: 3.14.1
2023-10-01 18:05:19,237 [INFO] ConfigFileManager:1271 - The Die is : DIE412
2023-10-01 18:05:19,244 [INFO] ApiDbMcu:468 - Load IP Config File for FATFS
2023-10-01 18:05:19,259 [INFO] ApiDbMcu:468 - Load IP Config File for FREERTOS
2023-10-01 18:05:19,273 [INFO] ApiDbMcu:468 - Load IP Config File for USB_DEVICE
2023-10-01 18:05:20,096 [INFO] ProjectBuilder:3789 - Time for Generating toolchain IDE Files: 1062mS.
2023-10-01 18:05:20,096 [INFO] ProjectBuilder:2457 - Time for Copy CMSIS : 0mS.
2023-10-01 18:05:20,097 [INFO] ProjectBuilder:2457 - Time for Copy CMSIS : 0mS.
2023-10-01 18:11:35,666 [INFO] UtilMem:74 - End SaveConfig() Used Memory: 907941336 Bytes (1073741824)
2023-10-01 18:11:36,640 [INFO] UtilMem:74 - End SaveConfig() Used Memory: 928912856 Bytes (1073741824)
2023-10-01 18:11:37,523 [INFO] UtilMem:74 - End SaveConfig() Used Memory: 777888360 Bytes (1073741824)
2023-10-01 18:11:37,635 [INFO] BlockDiagram:2740 - set Specific Code input for plugin: NVIC
2023-10-01 18:11:37,635 [INFO] BlockDiagram:2740 - set Specific Code input for plugin: SYS
2023-10-01 18:11:37,635 [INFO] BlockDiagram:2740 - set Specific Code input for plugin: GPIO
2023-10-01 18:11:37,635 [INFO] BlockDiagram:2740 - set Specific Code input for plugin: RCC
2023-10-01 18:11:37,635 [INFO] BlockDiagram:2740 - set Specific Code input for plugin: TIM1_8F1
2023-10-01 18:11:37,635 [INFO] CodeGenerator:663 - code generatio: config db path: D:\STM32CubeIDE_1.7.0\STM32CubeIDE\plugins\com.st.stm32cube.common.mx_6.3.0.202107141111\\db\
2023-10-01 18:11:37,758 [INFO] CodeEngine:239 - oldGeneratedFile, C:\Users\MY GEAR\Desktop\MCULab2\STM32Code\Exc1\MXTmpFiles\license.tmp_save
2023-10-01 18:11:37,787 [INFO] CodeEngine:257 - Generated code: C:\Users\MY GEAR\Desktop\MCULab2\STM32Code\Exc1\MXTmpFiles\license.tmp
2023-10-01 18:11:37,800 [INFO] CodeEngine:239 - oldGeneratedFile, C:\Users\MY GEAR\Desktop\MCULab2\STM32Code\Exc1\MXTmpFiles\gpio.tmp_save
2023-10-01 18:11:37,835 [INFO] CodeEngine:257 - Generated code: C:\Users\MY GEAR\Desktop\MCULab2\STM32Code\Exc1\MXTmpFiles\gpio.tmp
2023-10-01 18:11:37,877 [INFO] CodeEngine:239 - oldGeneratedFile, C:\Users\MY GEAR\Desktop\MCULab2\STM32Code\Exc1\Core\Src\stm32f1xx_it.c_save
2023-10-01 18:11:37,914 [INFO] CodeEngine:257 - Generated code: C:\Users\MY GEAR\Desktop\MCULab2\STM32Code\Exc1\Core\Src\stm32f1xx_it.c
2023-10-01 18:11:37,916 [INFO] CodeEngine:239 - oldGeneratedFile, C:\Users\MY GEAR\Desktop\MCULab2\STM32Code\Exc1\Core\Inc\stm32f1xx_it.h_save
2023-10-01 18:11:37,947 [INFO] CodeEngine:257 - Generated code: C:\Users\MY GEAR\Desktop\MCULab2\STM32Code\Exc1\Core\Inc\stm32f1xx_it.h
2023-10-01 18:11:37,954 [INFO] CodeEngine:239 - oldGeneratedFile, C:\Users\MY GEAR\Desktop\MCULab2\STM32Code\Exc1\Core\Src\stm32f1xx_hal_msp.c_save
2023-10-01 18:11:38,011 [INFO] CodeEngine:257 - Generated code: C:\Users\MY GEAR\Desktop\MCULab2\STM32Code\Exc1\Core\Src\stm32f1xx_hal_msp.c
2023-10-01 18:11:38,013 [INFO] CodeEngine:239 - oldGeneratedFile, C:\Users\MY GEAR\Desktop\MCULab2\STM32Code\Exc1\MXTmpFiles\system.tmp_save
2023-10-01 18:11:38,040 [INFO] CodeEngine:257 - Generated code: C:\Users\MY GEAR\Desktop\MCULab2\STM32Code\Exc1\MXTmpFiles\system.tmp
2023-10-01 18:11:38,046 [INFO] CodeEngine:239 - oldGeneratedFile, C:\Users\MY GEAR\Desktop\MCULab2\STM32Code\Exc1\Core\Inc\stm32f1xx_hal_conf.h_save
2023-10-01 18:11:38,088 [INFO] CodeEngine:257 - Generated code: C:\Users\MY GEAR\Desktop\MCULab2\STM32Code\Exc1\Core\Inc\stm32f1xx_hal_conf.h
2023-10-01 18:11:38,093 [WARN] IPConfigManager:3148 - IP not found : TIM
2023-10-01 18:11:38,094 [WARN] CodeGenerator:3268 - IP not found : null
2023-10-01 18:11:38,099 [INFO] CodeEngine:239 - oldGeneratedFile, C:\Users\MY GEAR\Desktop\MCULab2\STM32Code\Exc1\Core\Inc\main.h_save
2023-10-01 18:11:38,139 [INFO] CodeEngine:257 - Generated code: C:\Users\MY GEAR\Desktop\MCULab2\STM32Code\Exc1\Core\Inc\main.h
2023-10-01 18:11:38,144 [INFO] CodeEngine:239 - oldGeneratedFile, C:\Users\MY GEAR\Desktop\MCULab2\STM32Code\Exc1\Core\Src\main.c_save
2023-10-01 18:11:38,213 [INFO] CodeEngine:257 - Generated code: C:\Users\MY GEAR\Desktop\MCULab2\STM32Code\Exc1\Core\Src\main.c
2023-10-01 18:11:38,557 [INFO] ProjectBuilder:2578 - Time for Copy HAL[1] : 29mS.
2023-10-01 18:11:38,559 [INFO] ProjectBuilder:3622 - Project Generator version: 3.14.1
2023-10-01 18:11:38,737 [INFO] ConfigFileManager:1271 - The Die is : DIE412
2023-10-01 18:11:39,498 [INFO] ProjectBuilder:3789 - Time for Generating toolchain IDE Files: 939mS.
2023-10-01 18:11:39,499 [INFO] ProjectBuilder:2457 - Time for Copy CMSIS : 1mS.
2023-10-01 18:11:39,502 [INFO] ProjectBuilder:2457 - Time for Copy CMSIS : 0mS.
